#
# There is insufficient memory for the Java Runtime Environment to continue.
# Native memory allocation (malloc) failed to allocate 889136 bytes for Chunk::new
# Possible reasons:
#   The system is out of physical RAM or swap space
#   The process is running with CompressedOops enabled, and the Java Heap may be blocking the growth of the native heap
# Possible solutions:
#   Reduce memory load on the system
#   Increase physical memory or swap space
#   Check if swap backing store is full
#   Decrease Java heap size (-Xmx/-Xms)
#   Decrease number of Java threads
#   Decrease Java thread stack sizes (-Xss)
#   Set larger code cache with -XX:ReservedCodeCacheSize=
#   JVM is running with Zero Based Compressed Oops mode in which the Java heap is
#     placed in the first 32GB address space. The Java Heap base address is the
#     maximum limit for the native heap growth. Please use -XX:HeapBaseMinAddress
#     to set the Java Heap base and to place the Java Heap above 32GB virtual address.
# This output file may be truncated or incomplete.
#
#  Out of Memory Error (arena.cpp:184), pid=24652, tid=23504
#
# JRE version: Java(TM) SE Runtime Environment (18.0.1.1+2) (build 18.0.1.1+2-6)
# Java VM: Java HotSpot(TM) 64-Bit Server VM (18.0.1.1+2-6, mixed mode, sharing, tiered, compressed oops, compressed class ptrs, g1 gc, windows-amd64)
# No core dump will be written. Minidumps are not enabled by default on client versions of Windows
#

---------------  S U M M A R Y ------------

Command Line: --add-exports=jdk.compiler/com.sun.tools.javac.util=ALL-UNNAMED --add-exports=jdk.compiler/com.sun.tools.javac.api=ALL-UNNAMED --add-exports=jdk.compiler/com.sun.tools.javac.code=ALL-UNNAMED --add-exports=jdk.compiler/com.sun.tools.javac.comp=ALL-UNNAMED --add-exports=jdk.compiler/com.sun.tools.javac.file=ALL-UNNAMED --add-exports=jdk.compiler/com.sun.tools.javac.main=ALL-UNNAMED --add-exports=jdk.compiler/com.sun.tools.javac.parser=ALL-UNNAMED --add-exports=jdk.compiler/com.sun.tools.javac.tree=ALL-UNNAMED --add-opens=java.base/java.util=ALL-UNNAMED --add-opens=java.base/java.lang=ALL-UNNAMED --add-opens=java.base/java.lang.invoke=ALL-UNNAMED --add-opens=java.base/java.util=ALL-UNNAMED --add-opens=java.prefs/java.util.prefs=ALL-UNNAMED --add-opens=java.prefs/java.util.prefs=ALL-UNNAMED --add-opens=java.base/java.nio.charset=ALL-UNNAMED --add-opens=java.base/java.net=ALL-UNNAMED --add-opens=java.base/java.util.concurrent.atomic=ALL-UNNAMED -Xmx4608m -Dfile.encoding=UTF-8 -Duser.country=BE -Duser.language=fr -Duser.variant org.gradle.launcher.daemon.bootstrap.GradleDaemon 7.4

Host: AMD Ryzen 5 4500U with Radeon Graphics         , 6 cores, 7G,  Windows 11 , 64 bit Build 22621 (10.0.22621.1105)
Time: Fri Jan 13 15:20:52 2023 Paris, Madrid elapsed time: 72.296026 seconds (0d 0h 1m 12s)

---------------  T H R E A D  ---------------

Current thread (0x000001bad6b36c00):  JavaThread "C2 CompilerThread0" daemon [_thread_in_native, id=23504, stack(0x0000003daec00000,0x0000003daed00000)]


Current CompileTask:
C2:  72296 12163       4       com.google.common.collect.ImmutableSortedMap$Builder::build (87 bytes)

Stack: [0x0000003daec00000,0x0000003daed00000]
Native frames: (J=compiled Java code, j=interpreted, Vv=VM code, C=native code)
V  [jvm.dll+0x69887a]
V  [jvm.dll+0x7f38bd]
V  [jvm.dll+0x7f51ce]
V  [jvm.dll+0x7f5883]
V  [jvm.dll+0x25ca3f]
V  [jvm.dll+0xb8c2f]
V  [jvm.dll+0xb8fa5]
V  [jvm.dll+0x385a31]
V  [jvm.dll+0x34f811]
V  [jvm.dll+0x34ecaa]
V  [jvm.dll+0x22fc21]
V  [jvm.dll+0x22eff1]
V  [jvm.dll+0x1b9cfc]
V  [jvm.dll+0x23e8ca]
V  [jvm.dll+0x23cbb5]
V  [jvm.dll+0x7a5fb1]
V  [jvm.dll+0x7a03ea]
V  [jvm.dll+0x697725]
C  [ucrtbase.dll+0x29363]
C  [KERNEL32.DLL+0x126bd]
C  [ntdll.dll+0x5dfb8]


---------------  P R O C E S S  ---------------

Threads class SMR info:
_java_thread_list=0x000001badf05d040, length=114, elements={
0x000001bab0ed9e90, 0x000001bad6b18800, 0x000001bad6b1dae0, 0x000001bad6b30e50,
0x000001bad6b31700, 0x000001bad6b31fb0, 0x000001bad6b32860, 0x000001bad6b36c00,
0x000001bad6b374f0, 0x000001bad6b3b9a0, 0x000001badadd2910, 0x000001badadd7000,
0x000001badc330820, 0x000001badc3c58f0, 0x000001badc3ca530, 0x000001badc872e20,
0x000001badc86f1c0, 0x000001badc8c1510, 0x000001badc3dc120, 0x000001badb774a50,
0x000001badb773710, 0x000001badb771090, 0x000001badb771560, 0x000001badb773be0,
0x000001badb771f00, 0x000001badb7728a0, 0x000001badb7740b0, 0x000001badb7723d0,
0x000001badb772d70, 0x000001badb773240, 0x000001bade343980, 0x000001bade3447f0,
0x000001bade345190, 0x000001bade344320, 0x000001bade346000, 0x000001bade3464d0,
0x000001bade3469a0, 0x000001badc47b5d0, 0x000001badc47bf70, 0x000001badc47c440,
0x000001badc47e5f0, 0x000001badc47dc50, 0x000001badc47d2b0, 0x000001badc47cde0,
0x000001badc47c910, 0x000001badc47d780, 0x000001badc47eac0, 0x000001badc47e120,
0x000001badc47ef90, 0x000001badaf1b230, 0x000001badaf1ff30, 0x000001badaf19a20,
0x000001badaf1e720, 0x000001badaf19080, 0x000001badaf19550, 0x000001badaf19ef0,
0x000001badaf1c570, 0x000001badaf1bbd0, 0x000001badaf1ebf0, 0x000001badaf1a3c0,
0x000001badaf1b700, 0x000001badaf1f590, 0x000001badaf1ad60, 0x000001badaf1c0a0,
0x000001badaf1ca40, 0x000001badaf1f0c0, 0x000001badaf1a890, 0x000001badaf1cf10,
0x000001badaf1d3e0, 0x000001badaf20400, 0x000001badaf1d8b0, 0x000001badaf1fa60,
0x000001badaf208d0, 0x000001badaf1dd80, 0x000001badaf1e250, 0x000001badc5c3880,
0x000001badc5c5a30, 0x000001badc5c3d50, 0x000001badc5c6d70, 0x000001badc5c2070,
0x000001badc5c4220, 0x000001badc5c7be0, 0x000001badc5c8f20, 0x000001badc5c46f0,
0x000001badc5c2a10, 0x000001badc5c8580, 0x000001badc5c5560, 0x000001badc5c80b0,
0x000001badc5c63d0, 0x000001badc5c16d0, 0x000001badc5c5f00, 0x000001badc5c1ba0,
0x000001badc5c33b0, 0x000001badc5c7710, 0x000001badc5c68a0, 0x000001badc5c8a50,
0x000001badc5c7240, 0x000001badc5c4bc0, 0x000001badc5c2540, 0x000001badc5c2ee0,
0x000001bade342fe0, 0x000001badf4793f0, 0x000001badf473d50, 0x000001badf474220,
0x000001badf4780b0, 0x000001badf477710, 0x000001badf4798c0, 0x000001badf474bc0,
0x000001badf4733b0, 0x000001badf475f00, 0x000001badf4763d0, 0x000001badf476d70,
0x000001badf478580, 0x000001badeadba10
}

Java Threads: ( => current thread )
  0x000001bab0ed9e90 JavaThread "main" [_thread_blocked, id=3104, stack(0x0000003dadf00000,0x0000003dae000000)]
  0x000001bad6b18800 JavaThread "Reference Handler" daemon [_thread_blocked, id=12708, stack(0x0000003dae600000,0x0000003dae700000)]
  0x000001bad6b1dae0 JavaThread "Finalizer" daemon [_thread_blocked, id=15012, stack(0x0000003dae700000,0x0000003dae800000)]
  0x000001bad6b30e50 JavaThread "Signal Dispatcher" daemon [_thread_blocked, id=13852, stack(0x0000003dae800000,0x0000003dae900000)]
  0x000001bad6b31700 JavaThread "Attach Listener" daemon [_thread_blocked, id=15796, stack(0x0000003dae900000,0x0000003daea00000)]
  0x000001bad6b31fb0 JavaThread "Service Thread" daemon [_thread_blocked, id=13168, stack(0x0000003daea00000,0x0000003daeb00000)]
  0x000001bad6b32860 JavaThread "Monitor Deflation Thread" daemon [_thread_blocked, id=24112, stack(0x0000003daeb00000,0x0000003daec00000)]
=>0x000001bad6b36c00 JavaThread "C2 CompilerThread0" daemon [_thread_in_native, id=23504, stack(0x0000003daec00000,0x0000003daed00000)]
  0x000001bad6b374f0 JavaThread "C1 CompilerThread0" daemon [_thread_blocked, id=23188, stack(0x0000003daed00000,0x0000003daee00000)]
  0x000001bad6b3b9a0 JavaThread "Sweeper thread" daemon [_thread_blocked, id=3772, stack(0x0000003daee00000,0x0000003daef00000)]
  0x000001badadd2910 JavaThread "Common-Cleaner" daemon [_thread_blocked, id=24732, stack(0x0000003daef00000,0x0000003daf000000)]
  0x000001badadd7000 JavaThread "Notification Thread" daemon [_thread_blocked, id=13468, stack(0x0000003daf000000,0x0000003daf100000)]
  0x000001badc330820 JavaThread "Daemon health stats" [_thread_blocked, id=8896, stack(0x0000003daf600000,0x0000003daf700000)]
  0x000001badc3c58f0 JavaThread "Incoming local TCP Connector on port 59318" [_thread_in_native, id=8456, stack(0x0000003daf700000,0x0000003daf800000)]
  0x000001badc3ca530 JavaThread "Daemon periodic checks" [_thread_blocked, id=7212, stack(0x0000003daf800000,0x0000003daf900000)]
  0x000001badc872e20 JavaThread "Daemon" [_thread_blocked, id=11776, stack(0x0000003daf900000,0x0000003dafa00000)]
  0x000001badc86f1c0 JavaThread "Handler for socket connection from /127.0.0.1:59318 to /127.0.0.1:59320" [_thread_in_native, id=3608, stack(0x0000003dafa00000,0x0000003dafb00000)]
  0x000001badc8c1510 JavaThread "Cancel handler" [_thread_blocked, id=1264, stack(0x0000003dafb00000,0x0000003dafc00000)]
  0x000001badc3dc120 JavaThread "Daemon worker" [_thread_blocked, id=25552, stack(0x0000003dafc00000,0x0000003dafd00000)]
  0x000001badb774a50 JavaThread "Asynchronous log dispatcher for DefaultDaemonConnection: socket connection from /127.0.0.1:59318 to /127.0.0.1:59320" [_thread_blocked, id=15868, stack(0x0000003dafd00000,0x0000003dafe00000)]
  0x000001badb773710 JavaThread "Daemon client event forwarder" [_thread_blocked, id=13584, stack(0x0000003daff00000,0x0000003db0000000)]
  0x000001badb771090 JavaThread "Cache worker for journal cache (C:\Users\manue\AndroidStudioProjects\gradle_repo\caches\journal-1)" [_thread_blocked, id=25564, stack(0x0000003db0100000,0x0000003db0200000)]
  0x000001badb771560 JavaThread "File lock request listener" [_thread_in_native, id=2488, stack(0x0000003db0200000,0x0000003db0300000)]
  0x000001badb773be0 JavaThread "Cache worker for file hash cache (C:\Users\manue\AndroidStudioProjects\gradle_repo\caches\7.4\fileHashes)" [_thread_blocked, id=20840, stack(0x0000003db0300000,0x0000003db0400000)]
  0x000001badb771f00 JavaThread "File watcher server" daemon [_thread_in_native, id=19092, stack(0x0000003db0400000,0x0000003db0500000)]
  0x000001badb7728a0 JavaThread "File watcher consumer" daemon [_thread_blocked, id=300, stack(0x0000003db0500000,0x0000003db0600000)]
  0x000001badb7740b0 JavaThread "Cache worker for checksums cache (C:\Users\manue\AndroidStudioProjects\featureApp\.gradle\7.4\checksums)" [_thread_blocked, id=19592, stack(0x0000003db0600000,0x0000003db0700000)]
  0x000001badb7723d0 JavaThread "Cache worker for cache directory md-rule (C:\Users\manue\AndroidStudioProjects\gradle_repo\caches\7.4\md-rule)" [_thread_blocked, id=20644, stack(0x0000003db0700000,0x0000003db0800000)]
  0x000001badb772d70 JavaThread "Cache worker for file hash cache (C:\Users\manue\AndroidStudioProjects\featureApp\.gradle\7.4\fileHashes)" [_thread_in_native, id=3792, stack(0x0000003db0900000,0x0000003db0a00000)]
  0x000001badb773240 JavaThread "Cache worker for cache directory md-supplier (C:\Users\manue\AndroidStudioProjects\gradle_repo\caches\7.4\md-supplier)" [_thread_blocked, id=21612, stack(0x0000003db0a00000,0x0000003db0b00000)]
  0x000001bade343980 JavaThread "Cache worker for execution history cache (C:\Users\manue\AndroidStudioProjects\gradle_repo\caches\7.4\executionHistory)" [_thread_blocked, id=792, stack(0x0000003db0b00000,0x0000003db0c00000)]
  0x000001bade3447f0 JavaThread "jar transforms" [_thread_blocked, id=6048, stack(0x0000003db0c00000,0x0000003db0d00000)]
  0x000001bade345190 JavaThread "jar transforms Thread 2" [_thread_blocked, id=3076, stack(0x0000003db0d00000,0x0000003db0e00000)]
  0x000001bade344320 JavaThread "Cache worker for file content cache (C:\Users\manue\AndroidStudioProjects\gradle_repo\caches\7.4\fileContent)" [_thread_blocked, id=7900, stack(0x0000003db0f00000,0x0000003db1000000)]
  0x000001bade346000 JavaThread "jar transforms Thread 3" [_thread_blocked, id=24592, stack(0x0000003db1000000,0x0000003db1100000)]
  0x000001bade3464d0 JavaThread "jar transforms Thread 4" [_thread_blocked, id=2676, stack(0x0000003db1100000,0x0000003db1200000)]
  0x000001bade3469a0 JavaThread "Cache worker for dependencies-accessors (C:\Users\manue\AndroidStudioProjects\featureApp\.gradle\7.4\dependencies-accessors)" [_thread_blocked, id=24704, stack(0x0000003db1200000,0x0000003db1300000)]
  0x000001badc47b5d0 JavaThread "jar transforms Thread 5" [_thread_blocked, id=22936, stack(0x0000003db1300000,0x0000003db1400000)]
  0x000001badc47bf70 JavaThread "Cache worker for Build Output Cleanup Cache (C:\Users\manue\AndroidStudioProjects\featureApp\.gradle\buildOutputCleanup)" [_thread_blocked, id=9276, stack(0x0000003db1400000,0x0000003db1500000)]
  0x000001badc47c440 JavaThread "Unconstrained build operations" [_thread_blocked, id=25268, stack(0x0000003db1500000,0x0000003db1600000)]
  0x000001badc47e5f0 JavaThread "Unconstrained build operations Thread 2" [_thread_blocked, id=9280, stack(0x0000003db1600000,0x0000003db1700000)]
  0x000001badc47dc50 JavaThread "Unconstrained build operations Thread 3" [_thread_blocked, id=21328, stack(0x0000003db1700000,0x0000003db1800000)]
  0x000001badc47d2b0 JavaThread "Unconstrained build operations Thread 4" [_thread_blocked, id=11800, stack(0x0000003db1800000,0x0000003db1900000)]
  0x000001badc47cde0 JavaThread "Unconstrained build operations Thread 5" [_thread_blocked, id=13732, stack(0x0000003db1900000,0x0000003db1a00000)]
  0x000001badc47c910 JavaThread "Unconstrained build operations Thread 6" [_thread_blocked, id=20772, stack(0x0000003db1a00000,0x0000003db1b00000)]
  0x000001badc47d780 JavaThread "Unconstrained build operations Thread 7" [_thread_blocked, id=1864, stack(0x0000003db1b00000,0x0000003db1c00000)]
  0x000001badc47eac0 JavaThread "Unconstrained build operations Thread 8" [_thread_blocked, id=3956, stack(0x0000003db1c00000,0x0000003db1d00000)]
  0x000001badc47e120 JavaThread "Unconstrained build operations Thread 9" [_thread_blocked, id=15392, stack(0x0000003db1d00000,0x0000003db1e00000)]
  0x000001badc47ef90 JavaThread "Unconstrained build operations Thread 10" [_thread_blocked, id=3996, stack(0x0000003db1e00000,0x0000003db1f00000)]
  0x000001badaf1b230 JavaThread "Unconstrained build operations Thread 11" [_thread_blocked, id=11216, stack(0x0000003db1f00000,0x0000003db2000000)]
  0x000001badaf1ff30 JavaThread "Unconstrained build operations Thread 12" [_thread_blocked, id=21224, stack(0x0000003db2000000,0x0000003db2100000)]
  0x000001badaf19a20 JavaThread "Unconstrained build operations Thread 13" [_thread_blocked, id=22092, stack(0x0000003db2100000,0x0000003db2200000)]
  0x000001badaf1e720 JavaThread "Unconstrained build operations Thread 14" [_thread_blocked, id=22356, stack(0x0000003db2200000,0x0000003db2300000)]
  0x000001badaf19080 JavaThread "Unconstrained build operations Thread 15" [_thread_blocked, id=22276, stack(0x0000003db2300000,0x0000003db2400000)]
  0x000001badaf19550 JavaThread "Unconstrained build operations Thread 16" [_thread_blocked, id=18492, stack(0x0000003db2400000,0x0000003db2500000)]
  0x000001badaf19ef0 JavaThread "Unconstrained build operations Thread 17" [_thread_blocked, id=8936, stack(0x0000003db2500000,0x0000003db2600000)]
  0x000001badaf1c570 JavaThread "Unconstrained build operations Thread 18" [_thread_blocked, id=19996, stack(0x0000003db2600000,0x0000003db2700000)]
  0x000001badaf1bbd0 JavaThread "Unconstrained build operations Thread 19" [_thread_blocked, id=23260, stack(0x0000003db2700000,0x0000003db2800000)]
  0x000001badaf1ebf0 JavaThread "Unconstrained build operations Thread 20" [_thread_blocked, id=10552, stack(0x0000003db2800000,0x0000003db2900000)]
  0x000001badaf1a3c0 JavaThread "Unconstrained build operations Thread 21" [_thread_blocked, id=21932, stack(0x0000003db2900000,0x0000003db2a00000)]
  0x000001badaf1b700 JavaThread "Unconstrained build operations Thread 22" [_thread_blocked, id=8480, stack(0x0000003db2a00000,0x0000003db2b00000)]
  0x000001badaf1f590 JavaThread "Unconstrained build operations Thread 23" [_thread_blocked, id=14228, stack(0x0000003db2b00000,0x0000003db2c00000)]
  0x000001badaf1ad60 JavaThread "Unconstrained build operations Thread 24" [_thread_blocked, id=25168, stack(0x0000003db2c00000,0x0000003db2d00000)]
  0x000001badaf1c0a0 JavaThread "Unconstrained build operations Thread 25" [_thread_blocked, id=23972, stack(0x0000003db2d00000,0x0000003db2e00000)]
  0x000001badaf1ca40 JavaThread "Unconstrained build operations Thread 26" [_thread_blocked, id=11908, stack(0x0000003db2e00000,0x0000003db2f00000)]
  0x000001badaf1f0c0 JavaThread "Unconstrained build operations Thread 27" [_thread_blocked, id=12752, stack(0x0000003db2f00000,0x0000003db3000000)]
  0x000001badaf1a890 JavaThread "Unconstrained build operations Thread 28" [_thread_blocked, id=22004, stack(0x0000003db3000000,0x0000003db3100000)]
  0x000001badaf1cf10 JavaThread "Unconstrained build operations Thread 29" [_thread_blocked, id=4860, stack(0x0000003db3100000,0x0000003db3200000)]
  0x000001badaf1d3e0 JavaThread "Unconstrained build operations Thread 30" [_thread_blocked, id=23384, stack(0x0000003db3200000,0x0000003db3300000)]
  0x000001badaf20400 JavaThread "Unconstrained build operations Thread 31" [_thread_blocked, id=24404, stack(0x0000003db3300000,0x0000003db3400000)]
  0x000001badaf1d8b0 JavaThread "Unconstrained build operations Thread 32" [_thread_blocked, id=24788, stack(0x0000003db3400000,0x0000003db3500000)]
  0x000001badaf1fa60 JavaThread "Unconstrained build operations Thread 33" [_thread_blocked, id=12668, stack(0x0000003db3500000,0x0000003db3600000)]
  0x000001badaf208d0 JavaThread "Unconstrained build operations Thread 34" [_thread_blocked, id=9004, stack(0x0000003db3600000,0x0000003db3700000)]
  0x000001badaf1dd80 JavaThread "Unconstrained build operations Thread 35" [_thread_blocked, id=18284, stack(0x0000003db3700000,0x0000003db3800000)]
  0x000001badaf1e250 JavaThread "Unconstrained build operations Thread 36" [_thread_blocked, id=25536, stack(0x0000003db3800000,0x0000003db3900000)]
  0x000001badc5c3880 JavaThread "Unconstrained build operations Thread 37" [_thread_blocked, id=13416, stack(0x0000003db3900000,0x0000003db3a00000)]
  0x000001badc5c5a30 JavaThread "Unconstrained build operations Thread 38" [_thread_blocked, id=1088, stack(0x0000003db3a00000,0x0000003db3b00000)]
  0x000001badc5c3d50 JavaThread "Unconstrained build operations Thread 39" [_thread_blocked, id=17340, stack(0x0000003db3b00000,0x0000003db3c00000)]
  0x000001badc5c6d70 JavaThread "Unconstrained build operations Thread 40" [_thread_blocked, id=16780, stack(0x0000003db3c00000,0x0000003db3d00000)]
  0x000001badc5c2070 JavaThread "Unconstrained build operations Thread 41" [_thread_blocked, id=20768, stack(0x0000003db3d00000,0x0000003db3e00000)]
  0x000001badc5c4220 JavaThread "Unconstrained build operations Thread 42" [_thread_blocked, id=24328, stack(0x0000003db3e00000,0x0000003db3f00000)]
  0x000001badc5c7be0 JavaThread "Unconstrained build operations Thread 43" [_thread_blocked, id=9512, stack(0x0000003db3f00000,0x0000003db4000000)]
  0x000001badc5c8f20 JavaThread "Unconstrained build operations Thread 44" [_thread_blocked, id=20892, stack(0x0000003db4000000,0x0000003db4100000)]
  0x000001badc5c46f0 JavaThread "Unconstrained build operations Thread 45" [_thread_blocked, id=23320, stack(0x0000003db4100000,0x0000003db4200000)]
  0x000001badc5c2a10 JavaThread "Unconstrained build operations Thread 46" [_thread_blocked, id=22828, stack(0x0000003db4200000,0x0000003db4300000)]
  0x000001badc5c8580 JavaThread "Unconstrained build operations Thread 47" [_thread_blocked, id=21092, stack(0x0000003db4300000,0x0000003db4400000)]
  0x000001badc5c5560 JavaThread "Unconstrained build operations Thread 48" [_thread_blocked, id=21420, stack(0x0000003db4400000,0x0000003db4500000)]
  0x000001badc5c80b0 JavaThread "Unconstrained build operations Thread 49" [_thread_blocked, id=8596, stack(0x0000003db4500000,0x0000003db4600000)]
  0x000001badc5c63d0 JavaThread "Unconstrained build operations Thread 50" [_thread_blocked, id=24092, stack(0x0000003db4600000,0x0000003db4700000)]
  0x000001badc5c16d0 JavaThread "Unconstrained build operations Thread 51" [_thread_blocked, id=2608, stack(0x0000003db4700000,0x0000003db4800000)]
  0x000001badc5c5f00 JavaThread "Unconstrained build operations Thread 52" [_thread_blocked, id=7448, stack(0x0000003db4800000,0x0000003db4900000)]
  0x000001badc5c1ba0 JavaThread "Unconstrained build operations Thread 53" [_thread_blocked, id=16480, stack(0x0000003db4900000,0x0000003db4a00000)]
  0x000001badc5c33b0 JavaThread "Unconstrained build operations Thread 54" [_thread_blocked, id=20820, stack(0x0000003db4a00000,0x0000003db4b00000)]
  0x000001badc5c7710 JavaThread "Unconstrained build operations Thread 55" [_thread_blocked, id=25088, stack(0x0000003db4b00000,0x0000003db4c00000)]
  0x000001badc5c68a0 JavaThread "Unconstrained build operations Thread 56" [_thread_blocked, id=60, stack(0x0000003db4c00000,0x0000003db4d00000)]
  0x000001badc5c8a50 JavaThread "Unconstrained build operations Thread 57" [_thread_blocked, id=5052, stack(0x0000003db4d00000,0x0000003db4e00000)]
  0x000001badc5c7240 JavaThread "Unconstrained build operations Thread 58" [_thread_blocked, id=13196, stack(0x0000003db4e00000,0x0000003db4f00000)]
  0x000001badc5c4bc0 JavaThread "Unconstrained build operations Thread 59" [_thread_blocked, id=1860, stack(0x0000003db4f00000,0x0000003db5000000)]
  0x000001badc5c2540 JavaThread "Unconstrained build operations Thread 60" [_thread_blocked, id=3264, stack(0x0000003db5000000,0x0000003db5100000)]
  0x000001badc5c2ee0 JavaThread "jar transforms Thread 6" [_thread_blocked, id=1916, stack(0x0000003db5100000,0x0000003db5200000)]
  0x000001bade342fe0 JavaThread "Memory manager" [_thread_blocked, id=12136, stack(0x0000003db5200000,0x0000003db5300000)]
  0x000001badf4793f0 JavaThread "build event listener" [_thread_blocked, id=15572, stack(0x0000003db5300000,0x0000003db5400000)]
  0x000001badf473d50 JavaThread "build event listener" [_thread_blocked, id=20632, stack(0x0000003db5700000,0x0000003db5800000)]
  0x000001badf474220 JavaThread "pool-3-thread-1" [_thread_blocked, id=2912, stack(0x0000003db5600000,0x0000003db5700000)]
  0x000001badf4780b0 JavaThread "build event listener" [_thread_blocked, id=23520, stack(0x0000003db5800000,0x0000003db5900000)]
  0x000001badf477710 JavaThread "included builds" [_thread_blocked, id=24032, stack(0x0000003db5900000,0x0000003db5a00000)]
  0x000001badf4798c0 JavaThread "Execution worker for ':'" [_thread_blocked, id=24024, stack(0x0000003db5a00000,0x0000003db5b00000)]
  0x000001badf474bc0 JavaThread "Execution worker for ':' Thread 2" [_thread_blocked, id=21068, stack(0x0000003db5b00000,0x0000003db5c00000)]
  0x000001badf4733b0 JavaThread "Execution worker for ':' Thread 3" [_thread_blocked, id=12272, stack(0x0000003db5c00000,0x0000003db5d00000)]
  0x000001badf475f00 JavaThread "Execution worker for ':' Thread 4" [_thread_blocked, id=10808, stack(0x0000003db5d00000,0x0000003db5e00000)]
  0x000001badf4763d0 JavaThread "Execution worker for ':' Thread 5" [_thread_blocked, id=4192, stack(0x0000003db5e00000,0x0000003db5f00000)]
  0x000001badf476d70 JavaThread "Cache worker for execution history cache (C:\Users\manue\AndroidStudioProjects\featureApp\.gradle\7.4\executionHistory)" [_thread_blocked, id=14712, stack(0x0000003db5f00000,0x0000003db6000000)]
  0x000001badf478580 JavaThread "WorkerExecutor Queue" [_thread_blocked, id=9968, stack(0x0000003dadc00000,0x0000003dadd00000)]
  0x000001badeadba10 JavaThread "Cleaner-0" daemon [_thread_blocked, id=21292, stack(0x0000003db6000000,0x0000003db6100000)]

Other Threads:
  0x000001bad6b145c0 VMThread "VM Thread" [stack: 0x0000003dae500000,0x0000003dae600000] [id=12588]
  0x000001badaddacf0 WatcherThread "VM Periodic Task Thread" [stack: 0x0000003daf100000,0x0000003daf200000] [id=21232]
  0x000001bab0f4ecc0 WorkerThread "GC Thread#0" [stack: 0x0000003dae000000,0x0000003dae100000] [id=12544]
  0x000001badb5e5d00 WorkerThread "GC Thread#1" [stack: 0x0000003daf200000,0x0000003daf300000] [id=19352]
  0x000001badb0c4530 WorkerThread "GC Thread#2" [stack: 0x0000003daf300000,0x0000003daf400000] [id=19496]
  0x000001badbabbcc0 WorkerThread "GC Thread#3" [stack: 0x0000003daf400000,0x0000003daf500000] [id=24440]
  0x000001badbac1bf0 WorkerThread "GC Thread#4" [stack: 0x0000003daf500000,0x0000003daf600000] [id=21500]
  0x000001badc8c1cd0 WorkerThread "GC Thread#5" [stack: 0x0000003db0000000,0x0000003db0100000] [id=17644]
  0x000001bab0f59400 ConcurrentGCThread "G1 Main Marker" [stack: 0x0000003dae100000,0x0000003dae200000] [id=25572]
  0x000001bab0f59e60 WorkerThread "G1 Conc#0" [stack: 0x0000003dae200000,0x0000003dae300000] [id=6380]
  0x000001badcf73af0 WorkerThread "G1 Conc#1" [stack: 0x0000003db0800000,0x0000003db0900000] [id=12320]
  0x000001bad69d2090 ConcurrentGCThread "G1 Refine#0" [stack: 0x0000003dae300000,0x0000003dae400000] [id=13800]
  0x000001badd6f4840 ConcurrentGCThread "G1 Refine#1" [stack: 0x0000003db0e00000,0x0000003db0f00000] [id=23132]
  0x000001bad69d28b0 ConcurrentGCThread "G1 Service" [stack: 0x0000003dae400000,0x0000003dae500000] [id=5560]

Threads with active compile tasks:
C2 CompilerThread0    72337 12163       4       com.google.common.collect.ImmutableSortedMap$Builder::build (87 bytes)

VM state: not at safepoint (normal execution)

VM Mutex/Monitor currently owned by a thread: None

Heap address: 0x00000006e0000000, size: 4608 MB, Compressed Oops mode: Zero based, Oop shift amount: 3

CDS archive(s) mapped at: [0x0000000800000000-0x0000000800ba0000-0x0000000800ba0000), size 12189696, SharedBaseAddress: 0x0000000800000000, ArchiveRelocationMode: 0.
Compressed class space mapped at: 0x0000000800c00000-0x0000000840c00000, reserved size: 1073741824
Narrow klass base: 0x0000000800000000, Narrow klass shift: 0, Narrow klass range: 0x100000000

GC Precious Log:
 CardTable entry size: 512
 Card Set container configuration: InlinePtr #cards 4 size 8 Array Of Cards #cards 32 size 80 Howl #buckets 8 coarsen threshold 7372 Howl Bitmap #cards 1024 size 144 coarsen threshold 921 Card regions per heap region 1 cards per card region 8192
 CPUs: 6 total, 6 available
 Memory: 7541M
 Large Page Support: Disabled
 NUMA Support: Disabled
 Compressed Oops: Enabled (Zero based)
 Heap Region Size: 4M
 Heap Min Capacity: 8M
 Heap Initial Capacity: 120M
 Heap Max Capacity: 4608M
 Pre-touch: Disabled
 Parallel Workers: 6
 Concurrent Workers: 2
 Concurrent Refinement Workers: 6
 Periodic GC: Disabled

Heap:
 garbage-first heap   total 192512K, used 119038K [0x00000006e0000000, 0x0000000800000000)
  region size 4096K, 5 young (20480K), 2 survivors (8192K)
 Metaspace       used 84620K, committed 86592K, reserved 1179648K
  class space    used 11439K, committed 12480K, reserved 1048576K

Heap Regions: E=young(eden), S=young(survivor), O=old, HS=humongous(starts), HC=humongous(continues), CS=collection set, F=free, OA=open archive, CA=closed archive, TAMS=top-at-mark-start (previous, next)
|   0|0x00000006e0000000, 0x00000006e0400000, 0x00000006e0400000|100%| O|  |TAMS 0x00000006e0400000, 0x00000006e0000000| Untracked 
|   1|0x00000006e0400000, 0x00000006e0800000, 0x00000006e0800000|100%|HS|  |TAMS 0x00000006e0800000, 0x00000006e0400000| Complete 
|   2|0x00000006e0800000, 0x00000006e0c00000, 0x00000006e0c00000|100%| O|  |TAMS 0x00000006e0c00000, 0x00000006e0800000| Untracked 
|   3|0x00000006e0c00000, 0x00000006e1000000, 0x00000006e1000000|100%| O|  |TAMS 0x00000006e1000000, 0x00000006e0c00000| Untracked 
|   4|0x00000006e1000000, 0x00000006e1400000, 0x00000006e1400000|100%| O|  |TAMS 0x00000006e1400000, 0x00000006e1000000| Untracked 
|   5|0x00000006e1400000, 0x00000006e1800000, 0x00000006e1800000|100%| O|  |TAMS 0x00000006e1800000, 0x00000006e1400000| Untracked 
|   6|0x00000006e1800000, 0x00000006e1c00000, 0x00000006e1c00000|100%| O|  |TAMS 0x00000006e1c00000, 0x00000006e1800000| Untracked 
|   7|0x00000006e1c00000, 0x00000006e2000000, 0x00000006e2000000|100%| O|  |TAMS 0x00000006e2000000, 0x00000006e1c00000| Untracked 
|   8|0x00000006e2000000, 0x00000006e2400000, 0x00000006e2400000|100%|HS|  |TAMS 0x00000006e2400000, 0x00000006e2000000| Complete 
|   9|0x00000006e2400000, 0x00000006e2800000, 0x00000006e2800000|100%| O|  |TAMS 0x00000006e2800000, 0x00000006e2400000| Untracked 
|  10|0x00000006e2800000, 0x00000006e2c00000, 0x00000006e2c00000|100%| O|  |TAMS 0x00000006e2c00000, 0x00000006e2800000| Untracked 
|  11|0x00000006e2c00000, 0x00000006e3000000, 0x00000006e3000000|100%| O|  |TAMS 0x00000006e3000000, 0x00000006e2c00000| Untracked 
|  12|0x00000006e3000000, 0x00000006e3400000, 0x00000006e3400000|100%| O|  |TAMS 0x00000006e3400000, 0x00000006e3000000| Untracked 
|  13|0x00000006e3400000, 0x00000006e3800000, 0x00000006e3800000|100%| O|  |TAMS 0x00000006e3800000, 0x00000006e3400000| Untracked 
|  14|0x00000006e3800000, 0x00000006e3c00000, 0x00000006e3c00000|100%| O|  |TAMS 0x00000006e3c00000, 0x00000006e3800000| Untracked 
|  15|0x00000006e3c00000, 0x00000006e4000000, 0x00000006e4000000|100%| O|  |TAMS 0x00000006e4000000, 0x00000006e3c00000| Untracked 
|  16|0x00000006e4000000, 0x00000006e4400000, 0x00000006e4400000|100%| O|  |TAMS 0x00000006e4400000, 0x00000006e4000000| Untracked 
|  17|0x00000006e4400000, 0x00000006e4800000, 0x00000006e4800000|100%| O|  |TAMS 0x00000006e4800000, 0x00000006e4400000| Untracked 
|  18|0x00000006e4800000, 0x00000006e4c00000, 0x00000006e4c00000|100%| O|  |TAMS 0x00000006e4c00000, 0x00000006e4800000| Untracked 
|  19|0x00000006e4c00000, 0x00000006e5000000, 0x00000006e5000000|100%| O|  |TAMS 0x00000006e5000000, 0x00000006e4c00000| Untracked 
|  20|0x00000006e5000000, 0x00000006e5400000, 0x00000006e5400000|100%| O|  |TAMS 0x00000006e5400000, 0x00000006e5000000| Untracked 
|  21|0x00000006e5400000, 0x00000006e5800000, 0x00000006e5800000|100%| O|  |TAMS 0x00000006e5800000, 0x00000006e5400000| Untracked 
|  22|0x00000006e5800000, 0x00000006e5c00000, 0x00000006e5c00000|100%| O|  |TAMS 0x00000006e5c00000, 0x00000006e5800000| Untracked 
|  23|0x00000006e5c00000, 0x00000006e6000000, 0x00000006e6000000|100%| O|  |TAMS 0x00000006e6000000, 0x00000006e5c00000| Untracked 
|  24|0x00000006e6000000, 0x00000006e6400000, 0x00000006e6400000|100%| O|  |TAMS 0x00000006e638d200, 0x00000006e6000000| Untracked 
|  25|0x00000006e6400000, 0x00000006e663ce00, 0x00000006e6800000| 55%| O|  |TAMS 0x00000006e6400000, 0x00000006e6400000| Untracked 
|  26|0x00000006e6800000, 0x00000006e6800000, 0x00000006e6c00000|  0%| F|  |TAMS 0x00000006e6800000, 0x00000006e6800000| Untracked 
|  27|0x00000006e6c00000, 0x00000006e6c00000, 0x00000006e7000000|  0%| F|  |TAMS 0x00000006e6c00000, 0x00000006e6c00000| Untracked 
|  28|0x00000006e7000000, 0x00000006e7000000, 0x00000006e7400000|  0%| F|  |TAMS 0x00000006e7000000, 0x00000006e7000000| Untracked 
|  29|0x00000006e7400000, 0x00000006e7400000, 0x00000006e7800000|  0%| F|  |TAMS 0x00000006e7400000, 0x00000006e7400000| Untracked 
|  30|0x00000006e7800000, 0x00000006e7800000, 0x00000006e7c00000|  0%| F|  |TAMS 0x00000006e7800000, 0x00000006e7800000| Untracked 
|  31|0x00000006e7c00000, 0x00000006e7c00000, 0x00000006e8000000|  0%| F|  |TAMS 0x00000006e7c00000, 0x00000006e7c00000| Untracked 
|  32|0x00000006e8000000, 0x00000006e8000000, 0x00000006e8400000|  0%| F|  |TAMS 0x00000006e8000000, 0x00000006e8000000| Untracked 
|  33|0x00000006e8400000, 0x00000006e8400000, 0x00000006e8800000|  0%| F|  |TAMS 0x00000006e8400000, 0x00000006e8400000| Untracked 
|  34|0x00000006e8800000, 0x00000006e8800000, 0x00000006e8c00000|  0%| F|  |TAMS 0x00000006e8800000, 0x00000006e8800000| Untracked 
|  35|0x00000006e8c00000, 0x00000006e8c00000, 0x00000006e9000000|  0%| F|  |TAMS 0x00000006e8c00000, 0x00000006e8c00000| Untracked 
|  36|0x00000006e9000000, 0x00000006e9202be8, 0x00000006e9400000| 50%| S|CS|TAMS 0x00000006e9000000, 0x00000006e9000000| Complete 
|  37|0x00000006e9400000, 0x00000006e9800000, 0x00000006e9800000|100%| S|CS|TAMS 0x00000006e9400000, 0x00000006e9400000| Complete 
|  38|0x00000006e9800000, 0x00000006e9800000, 0x00000006e9c00000|  0%| F|  |TAMS 0x00000006e9800000, 0x00000006e9800000| Untracked 
|  39|0x00000006e9c00000, 0x00000006e9c00000, 0x00000006ea000000|  0%| F|  |TAMS 0x00000006e9c00000, 0x00000006e9c00000| Untracked 
|  40|0x00000006ea000000, 0x00000006ea000000, 0x00000006ea400000|  0%| F|  |TAMS 0x00000006ea000000, 0x00000006ea000000| Untracked 
|  41|0x00000006ea400000, 0x00000006ea400000, 0x00000006ea800000|  0%| F|  |TAMS 0x00000006ea400000, 0x00000006ea400000| Untracked 
|  42|0x00000006ea800000, 0x00000006ea800000, 0x00000006eac00000|  0%| F|  |TAMS 0x00000006ea800000, 0x00000006ea800000| Untracked 
|  43|0x00000006eac00000, 0x00000006eac00000, 0x00000006eb000000|  0%| F|  |TAMS 0x00000006eac00000, 0x00000006eac00000| Untracked 
|  44|0x00000006eb000000, 0x00000006eb12be68, 0x00000006eb400000| 29%| E|  |TAMS 0x00000006eb000000, 0x00000006eb000000| Complete 
|  45|0x00000006eb400000, 0x00000006eb800000, 0x00000006eb800000|100%| E|CS|TAMS 0x00000006eb400000, 0x00000006eb400000| Complete 
|  46|0x00000006eb800000, 0x00000006ebc00000, 0x00000006ebc00000|100%| E|CS|TAMS 0x00000006eb800000, 0x00000006eb800000| Complete 

Card table byte_map: [0x000001baca110000,0x000001bacaa10000] _byte_map_base: 0x000001bac6a10000

Marking Bits (Prev, Next): (CMBitMap*) 0x000001bab0f4f210, (CMBitMap*) 0x000001bab0f4f1d0
 Prev Bits: [0x000001bacfb10000, 0x000001bad4310000)
 Next Bits: [0x000001bacb310000, 0x000001bacfb10000)

Polling page: 0x000001bab0f80000

Metaspace:

Usage:
  Non-class:     71.47 MB used.
      Class:     11.17 MB used.
       Both:     82.64 MB used.

Virtual space:
  Non-class space:      128.00 MB reserved,      72.38 MB ( 57%) committed,  2 nodes.
      Class space:        1.00 GB reserved,      12.19 MB (  1%) committed,  1 nodes.
             Both:        1.12 GB reserved,      84.56 MB (  7%) committed. 

Chunk freelists:
   Non-Class:  3.62 MB
       Class:  3.79 MB
        Both:  7.42 MB

MaxMetaspaceSize: unlimited
CompressedClassSpaceSize: 1.00 GB
Initial GC threshold: 21.00 MB
Current GC threshold: 138.88 MB
CDS: on
MetaspaceReclaimPolicy: balanced
 - commit_granule_bytes: 65536.
 - commit_granule_words: 8192.
 - virtual_space_node_default_size: 8388608.
 - enlarge_chunks_in_place: 1.
 - new_chunks_are_fully_committed: 0.
 - uncommit_free_chunks: 1.
 - use_allocation_guard: 0.


Internal statistics:

num_allocs_failed_limit: 6.
num_arena_births: 3360.
num_arena_deaths: 0.
num_vsnodes_births: 3.
num_vsnodes_deaths: 0.
num_space_committed: 1353.
num_space_uncommitted: 0.
num_chunks_returned_to_freelist: 6.
num_chunks_taken_from_freelist: 7183.
num_chunk_merges: 6.
num_chunk_splits: 4664.
num_chunks_enlarged: 2925.
num_inconsistent_stats: 0.

CodeHeap 'non-profiled nmethods': size=120000Kb used=6266Kb max_used=6266Kb free=113733Kb
 bounds [0x000001bac1a90000, 0x000001bac20b0000, 0x000001bac8fc0000]
CodeHeap 'profiled nmethods': size=120000Kb used=21018Kb max_used=21018Kb free=98981Kb
 bounds [0x000001baba560000, 0x000001babb9f0000, 0x000001bac1a90000]
CodeHeap 'non-nmethods': size=5760Kb used=2391Kb max_used=2441Kb free=3368Kb
 bounds [0x000001bab9fc0000, 0x000001baba240000, 0x000001baba560000]
 total_blobs=11572 nmethods=10660 adapters=824
 compilation: enabled
              stopped_count=0, restarted_count=0
 full_count=0

Compilation events (20 events):
Event: 72.137 Thread 0x000001bad6b36c00 12163       4       com.google.common.collect.ImmutableSortedMap$Builder::build (87 bytes)
Event: 72.137 Thread 0x000001bad6b374f0 nmethod 12159 0x000001babb9df990 code [0x000001babb9dfb40, 0x000001babb9dfca8]
Event: 72.137 Thread 0x000001bad6b374f0 12160       3       org.gradle.internal.execution.steps.AssignWorkspaceStep::lambda$execute$0 (23 bytes)
Event: 72.137 Thread 0x000001bad6b374f0 nmethod 12160 0x000001babb9dfd90 code [0x000001babb9dff60, 0x000001babb9e0408]
Event: 72.137 Thread 0x000001bad6b374f0 12161       3       org.gradle.internal.execution.steps.AssignWorkspaceStep$1::<init> (26 bytes)
Event: 72.137 Thread 0x000001bad6b374f0 nmethod 12161 0x000001babb9e0590 code [0x000001babb9e0740, 0x000001babb9e0a38]
Event: 72.138 Thread 0x000001bad6b374f0 12164       3       java.nio.ByteBuffer::put (124 bytes)
Event: 72.139 Thread 0x000001bad6b374f0 nmethod 12164 0x000001babb9e0b10 code [0x000001babb9e0d40, 0x000001babb9e1588]
Event: 72.139 Thread 0x000001bad6b374f0 12165   !   3       java.nio.ByteBuffer::putBuffer (142 bytes)
Event: 72.139 Thread 0x000001bad6b374f0 nmethod 12165 0x000001babb9e1810 code [0x000001babb9e1ac0, 0x000001babb9e28f8]
Event: 72.142 Thread 0x000001bad6b374f0 12167       3       org.gradle.internal.execution.steps.ResolveCachingStateStep$1::getWorkspace (10 bytes)
Event: 72.142 Thread 0x000001bad6b374f0 nmethod 12167 0x000001babb9e3110 code [0x000001babb9e32c0, 0x000001babb9e34a8]
Event: 72.142 Thread 0x000001bad6b374f0 12168       3       java.nio.HeapByteBuffer::put (12 bytes)
Event: 72.143 Thread 0x000001bad6b374f0 nmethod 12168 0x000001babb9e3590 code [0x000001babb9e3740, 0x000001babb9e38d8]
Event: 72.148 Thread 0x000001bad6b374f0 12169       3       org.gradle.api.internal.artifacts.PreResolvedResolvableArtifact::<init> (38 bytes)
Event: 72.148 Thread 0x000001bad6b374f0 nmethod 12169 0x000001babb9e3990 code [0x000001babb9e3b40, 0x000001babb9e3f18]
Event: 72.148 Thread 0x000001bad6b374f0 12170       3       com.google.common.collect.ImmutableSet::construct (93 bytes)
Event: 72.149 Thread 0x000001bad6b374f0 nmethod 12170 0x000001babb9e4010 code [0x000001babb9e42a0, 0x000001babb9e4eb8]
Event: 72.149 Thread 0x000001bad6b374f0 12171       3       com.google.common.collect.ImmutableMultimap$1::hasNext (30 bytes)
Event: 72.149 Thread 0x000001bad6b374f0 nmethod 12171 0x000001babb9e5390 code [0x000001babb9e5540, 0x000001babb9e5878]

GC Heap History (20 events):
Event: 49.222 GC heap before
{Heap before GC invocations=27 (full 0):
 garbage-first heap   total 139264K, used 104694K [0x00000006e0000000, 0x0000000800000000)
  region size 4096K, 8 young (32768K), 1 survivors (4096K)
 Metaspace       used 70314K, committed 72064K, reserved 1114112K
  class space    used 9569K, committed 10432K, reserved 1048576K
}
Event: 49.225 GC heap after
{Heap after GC invocations=28 (full 0):
 garbage-first heap   total 139264K, used 77573K [0x00000006e0000000, 0x0000000800000000)
  region size 4096K, 1 young (4096K), 1 survivors (4096K)
 Metaspace       used 70314K, committed 72064K, reserved 1114112K
  class space    used 9569K, committed 10432K, reserved 1048576K
}
Event: 50.758 GC heap before
{Heap before GC invocations=29 (full 0):
 garbage-first heap   total 143360K, used 106245K [0x00000006e0000000, 0x0000000800000000)
  region size 4096K, 8 young (32768K), 1 survivors (4096K)
 Metaspace       used 71358K, committed 73152K, reserved 1114112K
  class space    used 9711K, committed 10624K, reserved 1048576K
}
Event: 50.763 GC heap after
{Heap after GC invocations=30 (full 0):
 garbage-first heap   total 143360K, used 80469K [0x00000006e0000000, 0x0000000800000000)
  region size 4096K, 1 young (4096K), 1 survivors (4096K)
 Metaspace       used 71358K, committed 73152K, reserved 1114112K
  class space    used 9711K, committed 10624K, reserved 1048576K
}
Event: 52.203 GC heap before
{Heap before GC invocations=30 (full 0):
 garbage-first heap   total 143360K, used 113237K [0x00000006e0000000, 0x0000000800000000)
  region size 4096K, 9 young (36864K), 1 survivors (4096K)
 Metaspace       used 72934K, committed 74816K, reserved 1114112K
  class space    used 9955K, committed 10944K, reserved 1048576K
}
Event: 52.209 GC heap after
{Heap after GC invocations=31 (full 0):
 garbage-first heap   total 143360K, used 84013K [0x00000006e0000000, 0x0000000800000000)
  region size 4096K, 2 young (8192K), 2 survivors (8192K)
 Metaspace       used 72934K, committed 74816K, reserved 1114112K
  class space    used 9955K, committed 10944K, reserved 1048576K
}
Event: 53.669 GC heap before
{Heap before GC invocations=32 (full 0):
 garbage-first heap   total 151552K, used 112685K [0x00000006e0000000, 0x0000000800000000)
  region size 4096K, 9 young (36864K), 2 survivors (8192K)
 Metaspace       used 75817K, committed 77632K, reserved 1179648K
  class space    used 10390K, committed 11328K, reserved 1048576K
}
Event: 53.677 GC heap after
{Heap after GC invocations=33 (full 0):
 garbage-first heap   total 151552K, used 86441K [0x00000006e0000000, 0x0000000800000000)
  region size 4096K, 2 young (8192K), 2 survivors (8192K)
 Metaspace       used 75817K, committed 77632K, reserved 1179648K
  class space    used 10390K, committed 11328K, reserved 1048576K
}
Event: 55.417 GC heap before
{Heap before GC invocations=33 (full 0):
 garbage-first heap   total 151552K, used 119209K [0x00000006e0000000, 0x0000000800000000)
  region size 4096K, 10 young (40960K), 2 survivors (8192K)
 Metaspace       used 78813K, committed 80704K, reserved 1179648K
  class space    used 10741K, committed 11712K, reserved 1048576K
}
Event: 55.423 GC heap after
{Heap after GC invocations=34 (full 0):
 garbage-first heap   total 151552K, used 90004K [0x00000006e0000000, 0x0000000800000000)
  region size 4096K, 2 young (8192K), 2 survivors (8192K)
 Metaspace       used 78813K, committed 80704K, reserved 1179648K
  class space    used 10741K, committed 11712K, reserved 1048576K
}
Event: 55.661 GC heap before
{Heap before GC invocations=35 (full 0):
 garbage-first heap   total 172032K, used 118676K [0x00000006e0000000, 0x0000000800000000)
  region size 4096K, 9 young (36864K), 2 survivors (8192K)
 Metaspace       used 78868K, committed 80768K, reserved 1179648K
  class space    used 10745K, committed 11712K, reserved 1048576K
}
Event: 55.668 GC heap after
{Heap after GC invocations=36 (full 0):
 garbage-first heap   total 172032K, used 95239K [0x00000006e0000000, 0x0000000800000000)
  region size 4096K, 2 young (8192K), 2 survivors (8192K)
 Metaspace       used 78868K, committed 80768K, reserved 1179648K
  class space    used 10745K, committed 11712K, reserved 1048576K
}
Event: 60.749 GC heap before
{Heap before GC invocations=36 (full 0):
 garbage-first heap   total 172032K, used 132103K [0x00000006e0000000, 0x0000000800000000)
  region size 4096K, 11 young (45056K), 2 survivors (8192K)
 Metaspace       used 82269K, committed 84160K, reserved 1179648K
  class space    used 11214K, committed 12160K, reserved 1048576K
}
Event: 60.762 GC heap after
{Heap after GC invocations=37 (full 0):
 garbage-first heap   total 172032K, used 101728K [0x00000006e0000000, 0x0000000800000000)
  region size 4096K, 2 young (8192K), 2 survivors (8192K)
 Metaspace       used 82269K, committed 84160K, reserved 1179648K
  class space    used 11214K, committed 12160K, reserved 1048576K
}
Event: 63.842 GC heap before
{Heap before GC invocations=38 (full 0):
 garbage-first heap   total 184320K, used 126304K [0x00000006e0000000, 0x0000000800000000)
  region size 4096K, 9 young (36864K), 2 survivors (8192K)
 Metaspace       used 83119K, committed 85056K, reserved 1179648K
  class space    used 11281K, committed 12288K, reserved 1048576K
}
Event: 63.850 GC heap after
{Heap after GC invocations=39 (full 0):
 garbage-first heap   total 184320K, used 105341K [0x00000006e0000000, 0x0000000800000000)
  region size 4096K, 1 young (4096K), 1 survivors (4096K)
 Metaspace       used 83119K, committed 85056K, reserved 1179648K
  class space    used 11281K, committed 12288K, reserved 1048576K
}
Event: 65.287 GC heap before
{Heap before GC invocations=39 (full 0):
 garbage-first heap   total 184320K, used 142205K [0x00000006e0000000, 0x0000000800000000)
  region size 4096K, 11 young (45056K), 1 survivors (4096K)
 Metaspace       used 83394K, committed 85312K, reserved 1179648K
  class space    used 11282K, committed 12288K, reserved 1048576K
}
Event: 65.293 GC heap after
{Heap after GC invocations=40 (full 0):
 garbage-first heap   total 184320K, used 107369K [0x00000006e0000000, 0x0000000800000000)
  region size 4096K, 2 young (8192K), 2 survivors (8192K)
 Metaspace       used 83394K, committed 85312K, reserved 1179648K
  class space    used 11282K, committed 12288K, reserved 1048576K
}
Event: 71.810 GC heap before
{Heap before GC invocations=41 (full 0):
 garbage-first heap   total 192512K, used 144233K [0x00000006e0000000, 0x0000000800000000)
  region size 4096K, 11 young (45056K), 2 survivors (8192K)
 Metaspace       used 84584K, committed 86592K, reserved 1179648K
  class space    used 11439K, committed 12480K, reserved 1048576K
}
Event: 71.816 GC heap after
{Heap after GC invocations=42 (full 0):
 garbage-first heap   total 192512K, used 110846K [0x00000006e0000000, 0x0000000800000000)
  region size 4096K, 2 young (8192K), 2 survivors (8192K)
 Metaspace       used 84584K, committed 86592K, reserved 1179648K
  class space    used 11439K, committed 12480K, reserved 1048576K
}

Deoptimization events (20 events):
Event: 72.083 Thread 0x000001badc5c8f20 Uncommon trap: trap_request=0xffffffbe fr.pc=0x000001bac20aca04 relative=0x00000000000010c4
Event: 72.083 Thread 0x000001badc5c8f20 Uncommon trap: reason=profile_predicate action=maybe_recompile pc=0x000001bac20aca04 method=java.util.TimSort.reverseRange([Ljava/lang/Object;II)V @ 5 c2
Event: 72.083 Thread 0x000001badc5c8f20 DEOPT PACKING pc=0x000001bac20aca04 sp=0x0000003db40fca70
Event: 72.083 Thread 0x000001badc5c8f20 DEOPT UNPACKING pc=0x000001baba0123a3 sp=0x0000003db40fc920 mode 2
Event: 72.119 Thread 0x000001badaf1e720 Uncommon trap: trap_request=0xffffffbe fr.pc=0x000001bac20aca04 relative=0x00000000000010c4
Event: 72.119 Thread 0x000001badaf1e720 Uncommon trap: reason=profile_predicate action=maybe_recompile pc=0x000001bac20aca04 method=java.util.TimSort.reverseRange([Ljava/lang/Object;II)V @ 5 c2
Event: 72.119 Thread 0x000001badaf1e720 DEOPT PACKING pc=0x000001bac20aca04 sp=0x0000003db22fc7e0
Event: 72.119 Thread 0x000001badaf1e720 DEOPT UNPACKING pc=0x000001baba0123a3 sp=0x0000003db22fc690 mode 2
Event: 72.119 Thread 0x000001badc47dc50 Uncommon trap: trap_request=0xffffffbe fr.pc=0x000001bac20aca04 relative=0x00000000000010c4
Event: 72.119 Thread 0x000001badc47dc50 Uncommon trap: reason=profile_predicate action=maybe_recompile pc=0x000001bac20aca04 method=java.util.TimSort.reverseRange([Ljava/lang/Object;II)V @ 5 c2
Event: 72.119 Thread 0x000001badc47dc50 DEOPT PACKING pc=0x000001bac20aca04 sp=0x0000003db17fc710
Event: 72.119 Thread 0x000001badc47dc50 DEOPT UNPACKING pc=0x000001baba0123a3 sp=0x0000003db17fc5c0 mode 2
Event: 72.122 Thread 0x000001badaf1a890 Uncommon trap: trap_request=0xffffffbe fr.pc=0x000001bac20aca04 relative=0x00000000000010c4
Event: 72.122 Thread 0x000001badaf1a890 Uncommon trap: reason=profile_predicate action=maybe_recompile pc=0x000001bac20aca04 method=java.util.TimSort.reverseRange([Ljava/lang/Object;II)V @ 5 c2
Event: 72.122 Thread 0x000001badaf1a890 DEOPT PACKING pc=0x000001bac20aca04 sp=0x0000003db30fca10
Event: 72.122 Thread 0x000001badaf1a890 DEOPT UNPACKING pc=0x000001baba0123a3 sp=0x0000003db30fc8c0 mode 2
Event: 72.149 Thread 0x000001badf474bc0 Uncommon trap: trap_request=0xffffff45 fr.pc=0x000001bac20a25f0 relative=0x00000000000000d0
Event: 72.149 Thread 0x000001badf474bc0 Uncommon trap: reason=unstable_if action=reinterpret pc=0x000001bac20a25f0 method=com.google.common.collect.ImmutableMultimap$1.hasNext()Z @ 9 c2
Event: 72.149 Thread 0x000001badf474bc0 DEOPT PACKING pc=0x000001bac20a25f0 sp=0x0000003db5bfce90
Event: 72.149 Thread 0x000001badf474bc0 DEOPT UNPACKING pc=0x000001baba0123a3 sp=0x0000003db5bfce28 mode 2

Classes loaded (20 events):
Event: 67.253 Loading class java/util/TreeMap$EntrySetBeanInfo
Event: 67.253 Loading class java/util/TreeMap$EntrySetBeanInfo done
Event: 67.254 Loading class java/util/TreeMap$EntrySetBeanInfo
Event: 67.254 Loading class java/util/TreeMap$EntrySetBeanInfo done
Event: 67.254 Loading class java/util/TreeMap$EntrySetCustomizer
Event: 67.254 Loading class java/util/TreeMap$EntrySetCustomizer done
Event: 67.254 Loading class java/util/TreeMap$EntrySetCustomizer
Event: 67.254 Loading class java/util/TreeMap$EntrySetCustomizer done
Event: 67.257 Loading class java/util/TreeMap$EntryBeanInfo
Event: 67.257 Loading class java/util/TreeMap$EntryBeanInfo done
Event: 67.257 Loading class java/util/TreeMap$EntryBeanInfo
Event: 67.257 Loading class java/util/TreeMap$EntryBeanInfo done
Event: 67.257 Loading class java/util/TreeMap$EntryCustomizer
Event: 67.257 Loading class java/util/TreeMap$EntryCustomizer done
Event: 67.257 Loading class java/util/TreeMap$EntryCustomizer
Event: 67.257 Loading class java/util/TreeMap$EntryCustomizer done
Event: 67.272 Loading class java/nio/channels/FileChannel$MapMode
Event: 67.272 Loading class java/nio/channels/FileChannel$MapMode done
Event: 71.509 Loading class java/util/stream/SortedOps$SizedRefSortingSink
Event: 71.511 Loading class java/util/stream/SortedOps$SizedRefSortingSink done

Classes unloaded (0 events):
No events

Classes redefined (0 events):
No events

Internal exceptions (20 events):
Event: 67.242 Thread 0x000001badf474bc0 Exception <a 'java/lang/ClassNotFoundException'{0x00000006ea64ace8}: java/lang/StringBuilderCustomizer> (0x00000006ea64ace8) 
thrown [s\open\src\hotspot\share\classfile\systemDictionary.cpp, line 255]
Event: 67.249 Thread 0x000001badf474bc0 Exception <a 'java/lang/ClassNotFoundException'{0x00000006ea71a358}: java/util/TreeMapBeanInfo> (0x00000006ea71a358) 
thrown [s\open\src\hotspot\share\classfile\systemDictionary.cpp, line 255]
Event: 67.249 Thread 0x000001badf474bc0 Exception <a 'java/lang/ClassNotFoundException'{0x00000006ea71f7f8}: java/util/AbstractMapBeanInfo> (0x00000006ea71f7f8) 
thrown [s\open\src\hotspot\share\classfile\systemDictionary.cpp, line 255]
Event: 67.249 Thread 0x000001badf474bc0 Exception <a 'java/lang/ClassNotFoundException'{0x00000006ea7244e0}: java/util/AbstractMapCustomizer> (0x00000006ea7244e0) 
thrown [s\open\src\hotspot\share\classfile\systemDictionary.cpp, line 255]
Event: 67.250 Thread 0x000001badf474bc0 Exception <a 'java/lang/ClassNotFoundException'{0x00000006ea733588}: java/util/TreeMapCustomizer> (0x00000006ea733588) 
thrown [s\open\src\hotspot\share\classfile\systemDictionary.cpp, line 255]
Event: 67.254 Thread 0x000001badf474bc0 Exception <a 'java/lang/ClassNotFoundException'{0x00000006ea7e5588}: java/util/TreeMap$EntrySetBeanInfo> (0x00000006ea7e5588) 
thrown [s\open\src\hotspot\share\classfile\systemDictionary.cpp, line 255]
Event: 67.254 Thread 0x000001badf474bc0 Exception <a 'java/lang/ClassNotFoundException'{0x00000006ea7e9ff0}: java/util/TreeMap$EntrySetCustomizer> (0x00000006ea7e9ff0) 
thrown [s\open\src\hotspot\share\classfile\systemDictionary.cpp, line 255]
Event: 67.257 Thread 0x000001badf474bc0 Exception <a 'java/lang/ClassNotFoundException'{0x00000006ea008110}: java/util/TreeMap$EntryBeanInfo> (0x00000006ea008110) 
thrown [s\open\src\hotspot\share\classfile\systemDictionary.cpp, line 255]
Event: 67.257 Thread 0x000001badf474bc0 Exception <a 'java/lang/ClassNotFoundException'{0x00000006ea00cdd0}: java/util/TreeMap$EntryCustomizer> (0x00000006ea00cdd0) 
thrown [s\open\src\hotspot\share\classfile\systemDictionary.cpp, line 255]
Event: 67.260 Thread 0x000001badf474bc0 Exception <a 'java/lang/ClassNotFoundException'{0x00000006ea037a00}: com/android/builder/internal/ClassFieldImplBeanInfo> (0x00000006ea037a00) 
thrown [s\open\src\hotspot\share\classfile\systemDictionary.cpp, line 255]
Event: 67.260 Thread 0x000001badf474bc0 Exception <a 'java/lang/ClassNotFoundException'{0x00000006ea03e840}: com/android/builder/internal/ClassFieldImplCustomizer> (0x00000006ea03e840) 
thrown [s\open\src\hotspot\share\classfile\systemDictionary.cpp, line 255]
Event: 67.265 Thread 0x000001badf474bc0 Exception <a 'java/lang/ClassNotFoundException'{0x00000006ea071478}: com/google/common/base/CharsetsBeanInfo> (0x00000006ea071478) 
thrown [s\open\src\hotspot\share\classfile\systemDictionary.cpp, line 255]
Event: 67.265 Thread 0x000001badf474bc0 Exception <a 'java/lang/ClassNotFoundException'{0x00000006ea077f50}: com/google/common/base/CharsetsCustomizer> (0x00000006ea077f50) 
thrown [s\open\src\hotspot\share\classfile\systemDictionary.cpp, line 255]
Event: 67.276 Thread 0x000001badf474bc0 Exception <a 'java/lang/ClassNotFoundException'{0x00000006ea0e14f8}: com/google/common/io/FilesBeanInfo> (0x00000006ea0e14f8) 
thrown [s\open\src\hotspot\share\classfile\systemDictionary.cpp, line 255]
Event: 67.277 Thread 0x000001badf474bc0 Exception <a 'java/lang/ClassNotFoundException'{0x00000006ea0e8158}: com/google/common/io/FilesCustomizer> (0x00000006ea0e8158) 
thrown [s\open\src\hotspot\share\classfile\systemDictionary.cpp, line 255]
Event: 67.284 Thread 0x000001badf474bc0 Exception <a 'java/lang/ClassNotFoundException'{0x00000006ea131240}: com/google/common/io/ByteSink$AsCharSinkBeanInfo> (0x00000006ea131240) 
thrown [s\open\src\hotspot\share\classfile\systemDictionary.cpp, line 255]
Event: 67.285 Thread 0x000001badf474bc0 Exception <a 'java/lang/ClassNotFoundException'{0x00000006ea138710}: com/google/common/io/CharSinkBeanInfo> (0x00000006ea138710) 
thrown [s\open\src\hotspot\share\classfile\systemDictionary.cpp, line 255]
Event: 67.285 Thread 0x000001badf474bc0 Exception <a 'java/lang/ClassNotFoundException'{0x00000006ea13f6b8}: com/google/common/io/CharSinkCustomizer> (0x00000006ea13f6b8) 
thrown [s\open\src\hotspot\share\classfile\systemDictionary.cpp, line 255]
Event: 67.285 Thread 0x000001badf474bc0 Exception <a 'java/lang/ClassNotFoundException'{0x00000006ea14f220}: com/google/common/io/ByteSink$AsCharSinkCustomizer> (0x00000006ea14f220) 
thrown [s\open\src\hotspot\share\classfile\systemDictionary.cpp, line 255]
Event: 71.817 Thread 0x000001badc47e120 Implicit null exception at 0x000001bac204c6f2 to 0x000001bac204c7ec

VM Operations (20 events):
Event: 65.394 Executing VM operation: G1Concurrent
Event: 65.394 Executing VM operation: G1Concurrent done
Event: 66.216 Executing VM operation: ICBufferFull
Event: 66.217 Executing VM operation: ICBufferFull done
Event: 66.585 Executing VM operation: HandshakeAllThreads
Event: 66.596 Executing VM operation: HandshakeAllThreads done
Event: 66.598 Executing VM operation: HandshakeAllThreads
Event: 66.599 Executing VM operation: HandshakeAllThreads done
Event: 67.084 Executing VM operation: HandshakeAllThreads
Event: 67.084 Executing VM operation: HandshakeAllThreads done
Event: 67.150 Executing VM operation: HandshakeAllThreads
Event: 67.150 Executing VM operation: HandshakeAllThreads done
Event: 67.153 Executing VM operation: HandshakeAllThreads
Event: 67.154 Executing VM operation: HandshakeAllThreads done
Event: 68.157 Executing VM operation: Cleanup
Event: 68.158 Executing VM operation: Cleanup done
Event: 69.170 Executing VM operation: Cleanup
Event: 69.170 Executing VM operation: Cleanup done
Event: 71.810 Executing VM operation: G1CollectForAllocation
Event: 71.816 Executing VM operation: G1CollectForAllocation done

Events (20 events):
Event: 62.938 Thread 0x000001badf04b4a0 Thread added: 0x000001badf04b4a0
Event: 63.117 Thread 0x000001badf04b4a0 Thread exited: 0x000001badf04b4a0
Event: 63.814 Thread 0x000001bae01d3070 Thread added: 0x000001bae01d3070
Event: 64.655 Thread 0x000001bae01d3070 Thread exited: 0x000001bae01d3070
Event: 65.170 Thread 0x000001bad6b3b9a0 flushing nmethod 0x000001baba7c7290
Event: 65.173 Thread 0x000001bad6b3b9a0 flushing nmethod 0x000001bababbe110
Event: 65.664 Thread 0x000001badb774580 Thread exited: 0x000001badb774580
Event: 66.215 Thread 0x000001badf478580 Thread added: 0x000001badf478580
Event: 66.521 Thread 0x000001badb774580 Thread added: 0x000001badb774580
Event: 66.853 Loaded shared library C:\Program Files\Java\jdk-18.0.1.1\bin\sunmscapi.dll
Event: 67.029 Thread 0x000001badeadba10 Thread added: 0x000001badeadba10
Event: 67.031 Thread 0x000001badb774580 Thread exited: 0x000001badb774580
Event: 67.031 Thread 0x000001badeadb070 Thread added: 0x000001badeadb070
Event: 67.032 Thread 0x000001badeadb070 Thread exited: 0x000001badeadb070
Event: 67.033 Thread 0x000001badeadd220 Thread added: 0x000001badeadd220
Event: 67.038 Thread 0x000001badeadd220 Thread exited: 0x000001badeadd220
Event: 67.038 Thread 0x000001badeadc3b0 Thread added: 0x000001badeadc3b0
Event: 67.040 Thread 0x000001badeadc3b0 Thread exited: 0x000001badeadc3b0
Event: 67.172 Thread 0x000001bae01d44b0 Thread added: 0x000001bae01d44b0
Event: 67.771 Thread 0x000001bae01d44b0 Thread exited: 0x000001bae01d44b0


Dynamic libraries:
0x00007ff752b90000 - 0x00007ff752ba0000 	C:\Program Files\Java\jdk-18.0.1.1\bin\java.exe
0x00007ffe64a90000 - 0x00007ffe64ca4000 	C:\WINDOWS\SYSTEM32\ntdll.dll
0x00007ffe635a0000 - 0x00007ffe63663000 	C:\WINDOWS\System32\KERNEL32.DLL
0x00007ffe62110000 - 0x00007ffe624ad000 	C:\WINDOWS\System32\KERNELBASE.dll
0x00007ffe5f2b0000 - 0x00007ffe5f347000 	C:\WINDOWS\SYSTEM32\apphelp.dll
0x00007ffe625c0000 - 0x00007ffe626d1000 	C:\WINDOWS\System32\ucrtbase.dll
0x00007ffe508e0000 - 0x00007ffe508fa000 	C:\Program Files\Java\jdk-18.0.1.1\bin\VCRUNTIME140.dll
0x00007ffe5ef40000 - 0x00007ffe5ef58000 	C:\Program Files\Java\jdk-18.0.1.1\bin\jli.dll
0x00007ffe62c50000 - 0x00007ffe62cfe000 	C:\WINDOWS\System32\ADVAPI32.dll
0x00007ffe63dc0000 - 0x00007ffe63e67000 	C:\WINDOWS\System32\msvcrt.dll
0x00007ffe63790000 - 0x00007ffe63834000 	C:\WINDOWS\System32\sechost.dll
0x00007ffe63670000 - 0x00007ffe63785000 	C:\WINDOWS\System32\RPCRT4.dll
0x00007ffe63b40000 - 0x00007ffe63ced000 	C:\WINDOWS\System32\USER32.dll
0x00007ffe626e0000 - 0x00007ffe62706000 	C:\WINDOWS\System32\win32u.dll
0x00007ffe62880000 - 0x00007ffe628a9000 	C:\WINDOWS\System32\GDI32.dll
0x00007ffe61eb0000 - 0x00007ffe61fc2000 	C:\WINDOWS\System32\gdi32full.dll
0x00007ffe62520000 - 0x00007ffe625ba000 	C:\WINDOWS\System32\msvcp_win.dll
0x00007ffe57c30000 - 0x00007ffe57c3a000 	C:\WINDOWS\SYSTEM32\VERSION.dll
0x00007ffe57980000 - 0x00007ffe57c0e000 	C:\WINDOWS\WinSxS\amd64_microsoft.windows.common-controls_6595b64144ccf1df_6.0.22621.608_none_a9444ca7c10bb01d\COMCTL32.dll
0x00007ffe63d00000 - 0x00007ffe63d32000 	C:\WINDOWS\System32\IMM32.DLL
0x00007ffe5eee0000 - 0x00007ffe5eeec000 	C:\Program Files\Java\jdk-18.0.1.1\bin\vcruntime140_1.dll
0x00007ffe468d0000 - 0x00007ffe4695d000 	C:\Program Files\Java\jdk-18.0.1.1\bin\msvcp140.dll
0x00007ffe1a8c0000 - 0x00007ffe1b4d0000 	C:\Program Files\Java\jdk-18.0.1.1\bin\server\jvm.dll
0x00007ffe63200000 - 0x00007ffe63208000 	C:\WINDOWS\System32\PSAPI.DLL
0x00007ffe586b0000 - 0x00007ffe586e4000 	C:\WINDOWS\SYSTEM32\WINMM.dll
0x00007ffe125d0000 - 0x00007ffe125d9000 	C:\WINDOWS\SYSTEM32\WSOCK32.dll
0x00007ffe63180000 - 0x00007ffe631f1000 	C:\WINDOWS\System32\WS2_32.dll
0x00007ffe60f70000 - 0x00007ffe60f88000 	C:\WINDOWS\SYSTEM32\kernel.appcore.dll
0x00007ffe5d4e0000 - 0x00007ffe5d4ea000 	C:\Program Files\Java\jdk-18.0.1.1\bin\jimage.dll
0x00007ffe4f110000 - 0x00007ffe4f33e000 	C:\WINDOWS\SYSTEM32\DBGHELP.DLL
0x00007ffe646c0000 - 0x00007ffe64a4a000 	C:\WINDOWS\System32\combase.dll
0x00007ffe63a40000 - 0x00007ffe63b17000 	C:\WINDOWS\System32\OLEAUT32.dll
0x00007ffe4f0d0000 - 0x00007ffe4f102000 	C:\WINDOWS\SYSTEM32\dbgcore.DLL
0x00007ffe61fd0000 - 0x00007ffe6204b000 	C:\WINDOWS\System32\bcryptPrimitives.dll
0x00007ffe4c040000 - 0x00007ffe4c065000 	C:\Program Files\Java\jdk-18.0.1.1\bin\java.dll
0x00007ffe2e3b0000 - 0x00007ffe2e486000 	C:\Program Files\Java\jdk-18.0.1.1\bin\jsvml.dll
0x00007ffe63ed0000 - 0x00007ffe646bf000 	C:\WINDOWS\System32\SHELL32.dll
0x00007ffe5fe90000 - 0x00007ffe60758000 	C:\WINDOWS\SYSTEM32\windows.storage.dll
0x00007ffe5fd50000 - 0x00007ffe5fe8e000 	C:\WINDOWS\SYSTEM32\wintypes.dll
0x00007ffe63840000 - 0x00007ffe63931000 	C:\WINDOWS\System32\SHCORE.dll
0x00007ffe63e70000 - 0x00007ffe63ece000 	C:\WINDOWS\System32\shlwapi.dll
0x00007ffe61de0000 - 0x00007ffe61e01000 	C:\WINDOWS\SYSTEM32\profapi.dll
0x00007ffe4c000000 - 0x00007ffe4c013000 	C:\Program Files\Java\jdk-18.0.1.1\bin\net.dll
0x00007ffe5a680000 - 0x00007ffe5a7af000 	C:\WINDOWS\SYSTEM32\WINHTTP.dll
0x00007ffe61460000 - 0x00007ffe614c9000 	C:\WINDOWS\system32\mswsock.dll
0x00007ffe47460000 - 0x00007ffe47476000 	C:\Program Files\Java\jdk-18.0.1.1\bin\nio.dll
0x00007ffe468b0000 - 0x00007ffe468c8000 	C:\Program Files\Java\jdk-18.0.1.1\bin\zip.dll
0x00007ffe50910000 - 0x00007ffe50920000 	C:\Program Files\Java\jdk-18.0.1.1\bin\verify.dll
0x00007ffe4c070000 - 0x00007ffe4c097000 	C:\Users\manue\AndroidStudioProjects\gradle_repo\native\e1d6ef7f7dcc3fd88c89a11ec53ec762bb8ba0a96d01ffa2cd45eb1d1d8dd5c5\windows-amd64\native-platform.dll
0x00007ffe1ed40000 - 0x00007ffe1ee84000 	C:\Users\manue\AndroidStudioProjects\gradle_repo\native\0d407fdbe67a94daf76414ababcb853783967236a71b16ec16e742cd7a986fd3\windows-amd64\native-platform-file-events.dll
0x00007ffe4bff0000 - 0x00007ffe4bff9000 	C:\Program Files\Java\jdk-18.0.1.1\bin\management.dll
0x00007ffe47a30000 - 0x00007ffe47a3b000 	C:\Program Files\Java\jdk-18.0.1.1\bin\management_ext.dll
0x00007ffe616b0000 - 0x00007ffe616cb000 	C:\WINDOWS\SYSTEM32\CRYPTSP.dll
0x00007ffe60ee0000 - 0x00007ffe60f15000 	C:\WINDOWS\system32\rsaenh.dll
0x00007ffe61550000 - 0x00007ffe61578000 	C:\WINDOWS\SYSTEM32\USERENV.dll
0x00007ffe61850000 - 0x00007ffe61878000 	C:\WINDOWS\SYSTEM32\bcrypt.dll
0x00007ffe616d0000 - 0x00007ffe616dc000 	C:\WINDOWS\SYSTEM32\CRYPTBASE.dll
0x00007ffe609b0000 - 0x00007ffe609dd000 	C:\WINDOWS\SYSTEM32\IPHLPAPI.DLL
0x00007ffe63cf0000 - 0x00007ffe63cf9000 	C:\WINDOWS\System32\NSI.dll
0x00007ffe58b80000 - 0x00007ffe58b99000 	C:\WINDOWS\SYSTEM32\dhcpcsvc6.DLL
0x00007ffe58b60000 - 0x00007ffe58b7f000 	C:\WINDOWS\SYSTEM32\dhcpcsvc.DLL
0x00007ffe60a20000 - 0x00007ffe60b12000 	C:\WINDOWS\SYSTEM32\DNSAPI.dll
0x00007ffe60f90000 - 0x00007ffe60fc4000 	C:\WINDOWS\SYSTEM32\ntmarta.dll
0x00007ffe467c0000 - 0x00007ffe467ce000 	C:\Program Files\Java\jdk-18.0.1.1\bin\sunmscapi.dll
0x00007ffe62710000 - 0x00007ffe62876000 	C:\WINDOWS\System32\CRYPT32.dll
0x00007ffe61820000 - 0x00007ffe6184d000 	C:\WINDOWS\SYSTEM32\ncrypt.dll
0x00007ffe617e0000 - 0x00007ffe61817000 	C:\WINDOWS\SYSTEM32\NTASN1.dll

dbghelp: loaded successfully - version: 4.0.5 - missing functions: none
symbol engine: initialized successfully - sym options: 0x614 - pdb path: .;C:\Program Files\Java\jdk-18.0.1.1\bin;C:\WINDOWS\SYSTEM32;C:\WINDOWS\WinSxS\amd64_microsoft.windows.common-controls_6595b64144ccf1df_6.0.22621.608_none_a9444ca7c10bb01d;C:\Program Files\Java\jdk-18.0.1.1\bin\server;C:\Users\manue\AndroidStudioProjects\gradle_repo\native\e1d6ef7f7dcc3fd88c89a11ec53ec762bb8ba0a96d01ffa2cd45eb1d1d8dd5c5\windows-amd64;C:\Users\manue\AndroidStudioProjects\gradle_repo\native\0d407fdbe67a94daf76414ababcb853783967236a71b16ec16e742cd7a986fd3\windows-amd64

VM Arguments:
jvm_args: --add-exports=jdk.compiler/com.sun.tools.javac.util=ALL-UNNAMED --add-exports=jdk.compiler/com.sun.tools.javac.api=ALL-UNNAMED --add-exports=jdk.compiler/com.sun.tools.javac.code=ALL-UNNAMED --add-exports=jdk.compiler/com.sun.tools.javac.comp=ALL-UNNAMED --add-exports=jdk.compiler/com.sun.tools.javac.file=ALL-UNNAMED --add-exports=jdk.compiler/com.sun.tools.javac.main=ALL-UNNAMED --add-exports=jdk.compiler/com.sun.tools.javac.parser=ALL-UNNAMED --add-exports=jdk.compiler/com.sun.tools.javac.tree=ALL-UNNAMED --add-opens=java.base/java.util=ALL-UNNAMED --add-opens=java.base/java.lang=ALL-UNNAMED --add-opens=java.base/java.lang.invoke=ALL-UNNAMED --add-opens=java.base/java.util=ALL-UNNAMED --add-opens=java.prefs/java.util.prefs=ALL-UNNAMED --add-opens=java.prefs/java.util.prefs=ALL-UNNAMED --add-opens=java.base/java.nio.charset=ALL-UNNAMED --add-opens=java.base/java.net=ALL-UNNAMED --add-opens=java.base/java.util.concurrent.atomic=ALL-UNNAMED -Xmx4608m -Dfile.encoding=UTF-8 -Duser.country=BE -Duser.language=fr -Duser.variant 
java_command: org.gradle.launcher.daemon.bootstrap.GradleDaemon 7.4
java_class_path (initial): C:\Users\manue\AndroidStudioProjects\gradle_repo\wrapper\dists\gradle-7.4-bin\c0gwcg53nkjbqw7r0h0umtfvt\gradle-7.4\lib\gradle-launcher-7.4.jar
Launcher Type: SUN_STANDARD

[Global flags]
     intx CICompilerCount                          = 3                                         {product} {ergonomic}
     uint ConcGCThreads                            = 2                                         {product} {ergonomic}
     uint G1ConcRefinementThreads                  = 6                                         {product} {ergonomic}
   size_t G1HeapRegionSize                         = 4194304                                   {product} {ergonomic}
    uintx GCDrainStackTargetSize                   = 64                                        {product} {ergonomic}
   size_t InitialHeapSize                          = 125829120                                 {product} {ergonomic}
   size_t MarkStackSize                            = 4194304                                   {product} {ergonomic}
   size_t MaxHeapSize                              = 4831838208                                {product} {command line}
   size_t MaxNewSize                               = 2898264064                                {product} {ergonomic}
   size_t MinHeapDeltaBytes                        = 4194304                                   {product} {ergonomic}
   size_t MinHeapSize                              = 8388608                                   {product} {ergonomic}
    uintx NonNMethodCodeHeapSize                   = 5832780                                {pd product} {ergonomic}
    uintx NonProfiledCodeHeapSize                  = 122912730                              {pd product} {ergonomic}
    uintx ProfiledCodeHeapSize                     = 122912730                              {pd product} {ergonomic}
    uintx ReservedCodeCacheSize                    = 251658240                              {pd product} {ergonomic}
     bool SegmentedCodeCache                       = true                                      {product} {ergonomic}
   size_t SoftMaxHeapSize                          = 4831838208                             {manageable} {ergonomic}
     bool UseCompressedClassPointers               = true                           {product lp64_product} {ergonomic}
     bool UseCompressedOops                        = true                           {product lp64_product} {ergonomic}
     bool UseG1GC                                  = true                                      {product} {ergonomic}
     bool UseLargePagesIndividualAllocation        = false                                  {pd product} {ergonomic}

Logging:
Log output configuration:
 #0: stdout all=warning uptime,level,tags foldmultilines=false
 #1: stderr all=off uptime,level,tags foldmultilines=false

Environment Variables:
JAVA_HOME=C:\Program Files\Java\jdk-17_2
PATH=C:\Program Files\Python311\Scripts\;C:\Program Files\Python311\;C:\Program Files\Common Files\Oracle\Java\javapath;C:\Program Files (x86)\Common Files\Oracle\Java\javapath;C:\Program Files\NVIDIA GPU Computing Toolkit\CUDA\v11.5\bin;C:\Program Files\NVIDIA GPU Computing Toolkit\CUDA\v11.5\libnvvp;C:\Program Files\Java\jdk-17;C:\Program Files\NVIDIA GPU Computing Toolkit\CUDA\v11.4\bin;C:\Program Files\NVIDIA GPU Computing Toolkit\CUDA\v11.4\libnvvp;C:\windows\system32;C:\windows;C:\windows\System32\Wbem;C:\windows\System32\WindowsPowerShell\v1.0\;C:\windows\System32\OpenSSH\;C:\Program Files (x86)\Gpg4win\..\GnuPG\bin;C:\Program Files\Microsoft VS Code\bin;C:\Program Files\Microsoft SQL Server\130\Tools\Binn\;C:\Program Files\dotnet\;C:\Program Files\Java\jdk1.8.0_291;C:\Program Files (x86)\NVIDIA Corporation\PhysX\Common;C:\WINDOWS\system32;C:\WINDOWS;C:\WINDOWS\System32\Wbem;C:\WINDOWS\System32\WindowsPowerShell\v1.0\;C:\WINDOWS\System32\OpenSSH\;C:\Program Files (x86)\dotnet\;C:\Program Files\Docker\Docker\resources\bin;C:\ProgramData\DockerDesktop\version-bin;C:\Program Files\TortoiseGit\bin;C:\Users\manue\AppData\Roaming\nvm;C:\Program Files\nodejs;C:\Program Files\Git\cmd;C:\WINDOWS\system32;C:\WINDOWS;C:\WINDOWS\System32\Wbem;C:\WINDOWS\System32\WindowsPowerShell\v1.0\;C:\WINDOWS\System32\OpenSSH\;C:\Program Files\PowerShell\7\;C:\Program Files\MySQL\MySQL Shell 8.0\bin\;C:\Users\manue\AppData\Local\Programs\Python\Python310\Scripts\;C:\Users\manue\AppData\Local\Programs\Python\Python310\;C:\Program Files\Java\jdk-17;C:\Users\manue\AppData\Local\Microsoft\WindowsApps;C:\Program Files\NVIDIA GPU Computing Toolkit\CUDA\v11.5\bin;C:\Program Files\NVIDIA GPU Computing Toolkit\CUDA\v11.5\lib\x64;C:\Program Files\JetBrains\Rider for Unreal Engine 2021.3.1\bin;;C:\Users\manue\AppData\Roaming\nvm;C:\Program Files\nodejs;C:\Users\manue\AppData\Local\JetBrains\Toolbox\scripts;C:\Users\manue\AppData\Local\Microsoft\WindowsApps;C:\Users\manue\.dotnet\tools
USERNAME=manue
OS=Windows_NT
PROCESSOR_IDENTIFIER=AMD64 Family 23 Model 96 Stepping 1, AuthenticAMD



---------------  S Y S T E M  ---------------

OS:
 Windows 11 , 64 bit Build 22621 (10.0.22621.1105)
OS uptime: 0 days 23:04 hours
Hyper-V role detected

CPU: total 6 (initial active 6) (6 cores per cpu, 1 threads per core) family 23 model 96 stepping 1 microcode 0x0, cx8, cmov, fxsr, mmx, 3dnowpref, sse, sse2, sse3, ssse3, sse4a, sse4.1, sse4.2, popcnt, lzcnt, tsc, tscinvbit, avx, avx2, aes, clmul, bmi1, bmi2, adx, sha, fma, vzeroupper, clflush, clflushopt, hv

Memory: 4k page, system-wide physical 7541M (1026M free)
TotalPageFile size 31093M (AvailPageFile size 1M)
current process WorkingSet (physical memory assigned to process): 385M, peak: 394M
current process commit charge ("private bytes"): 451M, peak: 462M

vm_info: Java HotSpot(TM) 64-Bit Server VM (18.0.1.1+2-6) for windows-amd64 JRE (18.0.1.1+2-6), built on Apr 25 2022 21:53:15 by "mach5one" with MS VC++ 16.8 / 16.9 (VS2019)

END.
