#
# There is insufficient memory for the Java Runtime Environment to continue.
# Native memory allocation (malloc) failed to allocate 1048576 bytes for AllocateHeap
# Possible reasons:
#   The system is out of physical RAM or swap space
#   The process is running with CompressedOops enabled, and the Java Heap may be blocking the growth of the native heap
# Possible solutions:
#   Reduce memory load on the system
#   Increase physical memory or swap space
#   Check if swap backing store is full
#   Decrease Java heap size (-Xmx/-Xms)
#   Decrease number of Java threads
#   Decrease Java thread stack sizes (-Xss)
#   Set larger code cache with -XX:ReservedCodeCacheSize=
#   JVM is running with Unscaled Compressed Oops mode in which the Java heap is
#     placed in the first 4GB address space. The Java Heap base address is the
#     maximum limit for the native heap growth. Please use -XX:HeapBaseMinAddress
#     to set the Java Heap base and to place the Java Heap above 4GB virtual address.
# This output file may be truncated or incomplete.
#
#  Out of Memory Error (src/hotspot/share/memory/allocation.cpp:46), pid=26232, tid=25652
#
# JRE version: OpenJDK Runtime Environment (11.0.15) (build 11.0.15+0-b2043.56-9505619)
# Java VM: OpenJDK 64-Bit Server VM (11.0.15+0-b2043.56-9505619, mixed mode, tiered, compressed oops, g1 gc, windows-amd64)
# No core dump will be written. Minidumps are not enabled by default on client versions of Windows
#

---------------  S U M M A R Y ------------

Command Line: git4idea.http.GitAskPassApp Password for 'https://manuelddahmen@github.com': 

Host: AMD Ryzen 5 4500U with Radeon Graphics         , 6 cores, 7G,  Windows 11 , 64 bit Build 22621 (10.0.22621.1344)
Time: Sat Mar 25 20:33:18 2023 Paris, Madrid elapsed time: 0.268228 seconds (0d 0h 0m 0s)

---------------  T H R E A D  ---------------

Current thread (0x000001c0af232800):  VMThread "VM Thread" [stack: 0x000000881f500000,0x000000881f600000] [id=25652]

Stack: [0x000000881f500000,0x000000881f600000]
[error occurred during error reporting (printing stack bounds), id 0xc0000005, EXCEPTION_ACCESS_VIOLATION (0xc0000005) at pc=0x000001c098b3112d]

Native frames: (J=compiled Java code, j=interpreted, Vv=VM code, C=native code)
V  [jvm.dll+0x64135a]
V  [jvm.dll+0x7d39f9]
V  [jvm.dll+0x7d51b9]
V  [jvm.dll+0x7d5805]
V  [jvm.dll+0x7d57bb]
V  [jvm.dll+0x640655]
V  [jvm.dll+0x640d68]
C  [ntdll.dll+0xa3cff]
C  [ntdll.dll+0x1e456]
C  [ntdll.dll+0xa2cee]
C  0x000001c098b3112d

VM_Operation (0x000000881effbc30): CollectForMetadataAllocation, mode: safepoint, requested by thread 0x000001c093816800


---------------  P R O C E S S  ---------------

Threads class SMR info:
_java_thread_list=0x000001c0afd67250, length=10, elements={
0x000001c093816800, 0x000001c0af255800, 0x000001c0af260800, 0x000001c0af274000,
0x000001c0af276000, 0x000001c0af277000, 0x000001c0af278800, 0x000001c0af27c800,
0x000001c0af282000, 0x000001c0afd66800
}

Java Threads: ( => current thread )
  0x000001c093816800 JavaThread "main" [_thread_blocked, id=19580, stack(0x000000881ef00000,0x000000881f000000)]
  0x000001c0af255800 JavaThread "Reference Handler" daemon [_thread_blocked, id=12732, stack(0x000000881f600000,0x000000881f700000)]
  0x000001c0af260800 JavaThread "Finalizer" daemon [_thread_blocked, id=27340, stack(0x000000881f700000,0x000000881f800000)]
  0x000001c0af274000 JavaThread "Signal Dispatcher" daemon [_thread_blocked, id=22256, stack(0x000000881f800000,0x000000881f900000)]
  0x000001c0af276000 JavaThread "Attach Listener" daemon [_thread_blocked, id=3032, stack(0x000000881f900000,0x000000881fa00000)]
  0x000001c0af277000 JavaThread "Service Thread" daemon [_thread_blocked, id=22172, stack(0x000000881fa00000,0x000000881fb00000)]
  0x000001c0af278800 JavaThread "C2 CompilerThread0" daemon [_thread_blocked, id=11528, stack(0x000000881fb00000,0x000000881fc00000)]
  0x000001c0af27c800 JavaThread "C1 CompilerThread0" daemon [_thread_blocked, id=4792, stack(0x000000881fc00000,0x000000881fd00000)]
  0x000001c0af282000 JavaThread "Sweeper thread" daemon [_thread_blocked, id=5556, stack(0x000000881fd00000,0x000000881fe00000)]
  0x000001c0afd66800 JavaThread "Common-Cleaner" daemon [_thread_blocked, id=24356, stack(0x000000881ff00000,0x0000008820000000)]

Other Threads:
=>0x000001c0af232800 VMThread "VM Thread" [stack: 0x000000881f500000,0x000000881f600000] [id=25652]
  0x000001c0afd59800 WatcherThread [stack: 0x000000881fe00000,0x000000881ff00000] [id=4088]
  0x000001c093831000 GCTaskThread "GC Thread#0" [stack: 0x000000881f000000,0x000000881f100000] [id=13752]
  0x000001c0afda2800 GCTaskThread "GC Thread#1" [stack: 0x0000008820000000,0x0000008820100000] [id=17136]
  0x000001c09385f800 ConcurrentGCThread "G1 Main Marker" [stack: 0x000000881f100000,0x000000881f200000] [id=27532]
  0x000001c093862000 ConcurrentGCThread "G1 Conc#0" [stack: 0x000000881f200000,0x000000881f300000] [id=27884]
  0x000001c0af0a1800 ConcurrentGCThread "G1 Refine#0" [stack: 0x000000881f300000,0x000000881f400000] [id=24068]
  0x000001c0938db800 ConcurrentGCThread "G1 Young RemSet Sampling" [stack: 0x000000881f400000,0x000000881f500000] [id=27664]

Threads with active compile tasks:
C1 CompilerThread0      293  191       3       java.lang.invoke.MethodTypeForm::canonicalize (233 bytes)

VM state:at safepoint (normal execution)

VM Mutex/Monitor currently owned by a thread:  ([mutex/lock_event])
[0x000001c0938114c0] Threads_lock - owner thread: 0x000001c0af232800
[0x000001c093811af0] Heap_lock - owner thread: 0x000001c093816800
[0x000001c093811dc0] MethodData_lock - owner thread: 0x000001c0af27c800

Heap address: 0x000000008a200000, size: 1886 MB, Compressed Oops mode: 32-bit
Narrow klass base: 0x0000000000000000, Narrow klass shift: 3
Compressed class space size: 1073741824 Address: 0x0000000100000000

Heap:
 garbage-first heap   total 120832K, used 13158K [0x000000008a200000, 0x0000000100000000)
  region size 1024K, 1 young (1024K), 1 survivors (1024K)
 Metaspace       used 5261K, capacity 5288K, committed 5376K, reserved 1069056K
  class space    used 438K, capacity 460K, committed 512K, reserved 1048576K
Heap Regions: E=young(eden), S=young(survivor), O=old, HS=humongous(starts), HC=humongous(continues), CS=collection set, F=free, A=archive, TAMS=top-at-mark-start (previous, next)
|   0|0x000000008a200000, 0x000000008a300000, 0x000000008a300000|100%|HS|  |TAMS 0x000000008a200000, 0x000000008a300000| Complete 
|   1|0x000000008a300000, 0x000000008a400000, 0x000000008a400000|100%|HC|  |TAMS 0x000000008a300000, 0x000000008a400000| Complete 
|   2|0x000000008a400000, 0x000000008a500000, 0x000000008a500000|100%|HC|  |TAMS 0x000000008a400000, 0x000000008a500000| Complete 
|   3|0x000000008a500000, 0x000000008a600000, 0x000000008a600000|100%|HC|  |TAMS 0x000000008a500000, 0x000000008a600000| Complete 
|   4|0x000000008a600000, 0x000000008a700000, 0x000000008a700000|100%|HC|  |TAMS 0x000000008a600000, 0x000000008a700000| Complete 
|   5|0x000000008a700000, 0x000000008a800000, 0x000000008a800000|100%|HC|  |TAMS 0x000000008a700000, 0x000000008a800000| Complete 
|   6|0x000000008a800000, 0x000000008a900000, 0x000000008a900000|100%|HC|  |TAMS 0x000000008a800000, 0x000000008a900000| Complete 
|   7|0x000000008a900000, 0x000000008aa00000, 0x000000008aa00000|100%|HC|  |TAMS 0x000000008a900000, 0x000000008aa00000| Complete 
|   8|0x000000008aa00000, 0x000000008ab00000, 0x000000008ab00000|100%|HC|  |TAMS 0x000000008aa00000, 0x000000008ab00000| Complete 
|   9|0x000000008ab00000, 0x000000008ac00000, 0x000000008ac00000|100%|HC|  |TAMS 0x000000008ab00000, 0x000000008ac00000| Complete 
|  10|0x000000008ac00000, 0x000000008ad00000, 0x000000008ad00000|100%|HS|  |TAMS 0x000000008ac00000, 0x000000008ad00000| Complete 
|  11|0x000000008ad00000, 0x000000008ae00000, 0x000000008ae00000|100%|HC|  |TAMS 0x000000008ad00000, 0x000000008ae00000| Complete 
|  12|0x000000008ae00000, 0x000000008ae00000, 0x000000008af00000|  0%| F|  |TAMS 0x000000008ae00000, 0x000000008ae00000| Untracked 
|  13|0x000000008af00000, 0x000000008af00000, 0x000000008b000000|  0%| F|  |TAMS 0x000000008af00000, 0x000000008af00000| Untracked 
|  14|0x000000008b000000, 0x000000008b000000, 0x000000008b100000|  0%| F|  |TAMS 0x000000008b000000, 0x000000008b000000| Untracked 
|  15|0x000000008b100000, 0x000000008b100000, 0x000000008b200000|  0%| F|  |TAMS 0x000000008b100000, 0x000000008b100000| Untracked 
|  16|0x000000008b200000, 0x000000008b200000, 0x000000008b300000|  0%| F|  |TAMS 0x000000008b200000, 0x000000008b200000| Untracked 
|  17|0x000000008b300000, 0x000000008b300000, 0x000000008b400000|  0%| F|  |TAMS 0x000000008b300000, 0x000000008b300000| Untracked 
|  18|0x000000008b400000, 0x000000008b400000, 0x000000008b500000|  0%| F|  |TAMS 0x000000008b400000, 0x000000008b400000| Untracked 
|  19|0x000000008b500000, 0x000000008b500000, 0x000000008b600000|  0%| F|  |TAMS 0x000000008b500000, 0x000000008b500000| Untracked 
|  20|0x000000008b600000, 0x000000008b600000, 0x000000008b700000|  0%| F|  |TAMS 0x000000008b600000, 0x000000008b600000| Untracked 
|  21|0x000000008b700000, 0x000000008b700000, 0x000000008b800000|  0%| F|  |TAMS 0x000000008b700000, 0x000000008b700000| Untracked 
|  22|0x000000008b800000, 0x000000008b800000, 0x000000008b900000|  0%| F|  |TAMS 0x000000008b800000, 0x000000008b800000| Untracked 
|  23|0x000000008b900000, 0x000000008b900000, 0x000000008ba00000|  0%| F|  |TAMS 0x000000008b900000, 0x000000008b900000| Untracked 
|  24|0x000000008ba00000, 0x000000008ba00000, 0x000000008bb00000|  0%| F|  |TAMS 0x000000008ba00000, 0x000000008ba00000| Untracked 
|  25|0x000000008bb00000, 0x000000008bb00000, 0x000000008bc00000|  0%| F|  |TAMS 0x000000008bb00000, 0x000000008bb00000| Untracked 
|  26|0x000000008bc00000, 0x000000008bc00000, 0x000000008bd00000|  0%| F|  |TAMS 0x000000008bc00000, 0x000000008bc00000| Untracked 
|  27|0x000000008bd00000, 0x000000008bd00000, 0x000000008be00000|  0%| F|  |TAMS 0x000000008bd00000, 0x000000008bd00000| Untracked 
|  28|0x000000008be00000, 0x000000008be00000, 0x000000008bf00000|  0%| F|  |TAMS 0x000000008be00000, 0x000000008be00000| Untracked 
|  29|0x000000008bf00000, 0x000000008bf00000, 0x000000008c000000|  0%| F|  |TAMS 0x000000008bf00000, 0x000000008bf00000| Untracked 
|  30|0x000000008c000000, 0x000000008c000000, 0x000000008c100000|  0%| F|  |TAMS 0x000000008c000000, 0x000000008c000000| Untracked 
|  31|0x000000008c100000, 0x000000008c100000, 0x000000008c200000|  0%| F|  |TAMS 0x000000008c100000, 0x000000008c100000| Untracked 
|  32|0x000000008c200000, 0x000000008c200000, 0x000000008c300000|  0%| F|  |TAMS 0x000000008c200000, 0x000000008c200000| Untracked 
|  33|0x000000008c300000, 0x000000008c300000, 0x000000008c400000|  0%| F|  |TAMS 0x000000008c300000, 0x000000008c300000| Untracked 
|  34|0x000000008c400000, 0x000000008c400000, 0x000000008c500000|  0%| F|  |TAMS 0x000000008c400000, 0x000000008c400000| Untracked 
|  35|0x000000008c500000, 0x000000008c500000, 0x000000008c600000|  0%| F|  |TAMS 0x000000008c500000, 0x000000008c500000| Untracked 
|  36|0x000000008c600000, 0x000000008c600000, 0x000000008c700000|  0%| F|  |TAMS 0x000000008c600000, 0x000000008c600000| Untracked 
|  37|0x000000008c700000, 0x000000008c700000, 0x000000008c800000|  0%| F|  |TAMS 0x000000008c700000, 0x000000008c700000| Untracked 
|  38|0x000000008c800000, 0x000000008c800000, 0x000000008c900000|  0%| F|  |TAMS 0x000000008c800000, 0x000000008c800000| Untracked 
|  39|0x000000008c900000, 0x000000008c900000, 0x000000008ca00000|  0%| F|  |TAMS 0x000000008c900000, 0x000000008c900000| Untracked 
|  40|0x000000008ca00000, 0x000000008ca00000, 0x000000008cb00000|  0%| F|  |TAMS 0x000000008ca00000, 0x000000008ca00000| Untracked 
|  41|0x000000008cb00000, 0x000000008cb00000, 0x000000008cc00000|  0%| F|  |TAMS 0x000000008cb00000, 0x000000008cb00000| Untracked 
|  42|0x000000008cc00000, 0x000000008cc00000, 0x000000008cd00000|  0%| F|  |TAMS 0x000000008cc00000, 0x000000008cc00000| Untracked 
|  43|0x000000008cd00000, 0x000000008cd00000, 0x000000008ce00000|  0%| F|  |TAMS 0x000000008cd00000, 0x000000008cd00000| Untracked 
|  44|0x000000008ce00000, 0x000000008ce00000, 0x000000008cf00000|  0%| F|  |TAMS 0x000000008ce00000, 0x000000008ce00000| Untracked 
|  45|0x000000008cf00000, 0x000000008cf00000, 0x000000008d000000|  0%| F|  |TAMS 0x000000008cf00000, 0x000000008cf00000| Untracked 
|  46|0x000000008d000000, 0x000000008d000000, 0x000000008d100000|  0%| F|  |TAMS 0x000000008d000000, 0x000000008d000000| Untracked 
|  47|0x000000008d100000, 0x000000008d100000, 0x000000008d200000|  0%| F|  |TAMS 0x000000008d100000, 0x000000008d100000| Untracked 
|  48|0x000000008d200000, 0x000000008d200000, 0x000000008d300000|  0%| F|  |TAMS 0x000000008d200000, 0x000000008d200000| Untracked 
|  49|0x000000008d300000, 0x000000008d300000, 0x000000008d400000|  0%| F|  |TAMS 0x000000008d300000, 0x000000008d300000| Untracked 
|  50|0x000000008d400000, 0x000000008d400000, 0x000000008d500000|  0%| F|  |TAMS 0x000000008d400000, 0x000000008d400000| Untracked 
|  51|0x000000008d500000, 0x000000008d500000, 0x000000008d600000|  0%| F|  |TAMS 0x000000008d500000, 0x000000008d500000| Untracked 
|  52|0x000000008d600000, 0x000000008d600000, 0x000000008d700000|  0%| F|  |TAMS 0x000000008d600000, 0x000000008d600000| Untracked 
|  53|0x000000008d700000, 0x000000008d700000, 0x000000008d800000|  0%| F|  |TAMS 0x000000008d700000, 0x000000008d700000| Untracked 
|  54|0x000000008d800000, 0x000000008d800000, 0x000000008d900000|  0%| F|  |TAMS 0x000000008d800000, 0x000000008d800000| Untracked 
|  55|0x000000008d900000, 0x000000008d900000, 0x000000008da00000|  0%| F|  |TAMS 0x000000008d900000, 0x000000008d900000| Untracked 
|  56|0x000000008da00000, 0x000000008da00000, 0x000000008db00000|  0%| F|  |TAMS 0x000000008da00000, 0x000000008da00000| Untracked 
|  57|0x000000008db00000, 0x000000008db00000, 0x000000008dc00000|  0%| F|  |TAMS 0x000000008db00000, 0x000000008db00000| Untracked 
|  58|0x000000008dc00000, 0x000000008dc00000, 0x000000008dd00000|  0%| F|  |TAMS 0x000000008dc00000, 0x000000008dc00000| Untracked 
|  59|0x000000008dd00000, 0x000000008dd00000, 0x000000008de00000|  0%| F|  |TAMS 0x000000008dd00000, 0x000000008dd00000| Untracked 
|  60|0x000000008de00000, 0x000000008de00000, 0x000000008df00000|  0%| F|  |TAMS 0x000000008de00000, 0x000000008de00000| Untracked 
|  61|0x000000008df00000, 0x000000008df00000, 0x000000008e000000|  0%| F|  |TAMS 0x000000008df00000, 0x000000008df00000| Untracked 
|  62|0x000000008e000000, 0x000000008e000000, 0x000000008e100000|  0%| F|  |TAMS 0x000000008e000000, 0x000000008e000000| Untracked 
|  63|0x000000008e100000, 0x000000008e100000, 0x000000008e200000|  0%| F|  |TAMS 0x000000008e100000, 0x000000008e100000| Untracked 
|  64|0x000000008e200000, 0x000000008e200000, 0x000000008e300000|  0%| F|  |TAMS 0x000000008e200000, 0x000000008e200000| Untracked 
|  65|0x000000008e300000, 0x000000008e300000, 0x000000008e400000|  0%| F|  |TAMS 0x000000008e300000, 0x000000008e300000| Untracked 
|  66|0x000000008e400000, 0x000000008e400000, 0x000000008e500000|  0%| F|  |TAMS 0x000000008e400000, 0x000000008e400000| Untracked 
|  67|0x000000008e500000, 0x000000008e500000, 0x000000008e600000|  0%| F|  |TAMS 0x000000008e500000, 0x000000008e500000| Untracked 
|  68|0x000000008e600000, 0x000000008e600000, 0x000000008e700000|  0%| F|  |TAMS 0x000000008e600000, 0x000000008e600000| Untracked 
|  69|0x000000008e700000, 0x000000008e700000, 0x000000008e800000|  0%| F|  |TAMS 0x000000008e700000, 0x000000008e700000| Untracked 
|  70|0x000000008e800000, 0x000000008e800000, 0x000000008e900000|  0%| F|  |TAMS 0x000000008e800000, 0x000000008e800000| Untracked 
|  71|0x000000008e900000, 0x000000008e900000, 0x000000008ea00000|  0%| F|  |TAMS 0x000000008e900000, 0x000000008e900000| Untracked 
|  72|0x000000008ea00000, 0x000000008ea00000, 0x000000008eb00000|  0%| F|  |TAMS 0x000000008ea00000, 0x000000008ea00000| Untracked 
|  73|0x000000008eb00000, 0x000000008eb00000, 0x000000008ec00000|  0%| F|  |TAMS 0x000000008eb00000, 0x000000008eb00000| Untracked 
|  74|0x000000008ec00000, 0x000000008ec00000, 0x000000008ed00000|  0%| F|  |TAMS 0x000000008ec00000, 0x000000008ec00000| Untracked 
|  75|0x000000008ed00000, 0x000000008ed00000, 0x000000008ee00000|  0%| F|  |TAMS 0x000000008ed00000, 0x000000008ed00000| Untracked 
|  76|0x000000008ee00000, 0x000000008ee00000, 0x000000008ef00000|  0%| F|  |TAMS 0x000000008ee00000, 0x000000008ee00000| Untracked 
|  77|0x000000008ef00000, 0x000000008ef00000, 0x000000008f000000|  0%| F|  |TAMS 0x000000008ef00000, 0x000000008ef00000| Untracked 
|  78|0x000000008f000000, 0x000000008f000000, 0x000000008f100000|  0%| F|  |TAMS 0x000000008f000000, 0x000000008f000000| Untracked 
|  79|0x000000008f100000, 0x000000008f100000, 0x000000008f200000|  0%| F|  |TAMS 0x000000008f100000, 0x000000008f100000| Untracked 
|  80|0x000000008f200000, 0x000000008f200000, 0x000000008f300000|  0%| F|  |TAMS 0x000000008f200000, 0x000000008f200000| Untracked 
|  81|0x000000008f300000, 0x000000008f300000, 0x000000008f400000|  0%| F|  |TAMS 0x000000008f300000, 0x000000008f300000| Untracked 
|  82|0x000000008f400000, 0x000000008f400000, 0x000000008f500000|  0%| F|  |TAMS 0x000000008f400000, 0x000000008f400000| Untracked 
|  83|0x000000008f500000, 0x000000008f500000, 0x000000008f600000|  0%| F|  |TAMS 0x000000008f500000, 0x000000008f500000| Untracked 
|  84|0x000000008f600000, 0x000000008f600000, 0x000000008f700000|  0%| F|  |TAMS 0x000000008f600000, 0x000000008f600000| Untracked 
|  85|0x000000008f700000, 0x000000008f700000, 0x000000008f800000|  0%| F|  |TAMS 0x000000008f700000, 0x000000008f700000| Untracked 
|  86|0x000000008f800000, 0x000000008f800000, 0x000000008f900000|  0%| F|  |TAMS 0x000000008f800000, 0x000000008f800000| Untracked 
|  87|0x000000008f900000, 0x000000008f900000, 0x000000008fa00000|  0%| F|  |TAMS 0x000000008f900000, 0x000000008f900000| Untracked 
|  88|0x000000008fa00000, 0x000000008fa00000, 0x000000008fb00000|  0%| F|  |TAMS 0x000000008fa00000, 0x000000008fa00000| Untracked 
|  89|0x000000008fb00000, 0x000000008fb00000, 0x000000008fc00000|  0%| F|  |TAMS 0x000000008fb00000, 0x000000008fb00000| Untracked 
|  90|0x000000008fc00000, 0x000000008fc00000, 0x000000008fd00000|  0%| F|  |TAMS 0x000000008fc00000, 0x000000008fc00000| Untracked 
|  91|0x000000008fd00000, 0x000000008fd00000, 0x000000008fe00000|  0%| F|  |TAMS 0x000000008fd00000, 0x000000008fd00000| Untracked 
|  92|0x000000008fe00000, 0x000000008fe00000, 0x000000008ff00000|  0%| F|  |TAMS 0x000000008fe00000, 0x000000008fe00000| Untracked 
|  93|0x000000008ff00000, 0x000000008ff00000, 0x0000000090000000|  0%| F|  |TAMS 0x000000008ff00000, 0x000000008ff00000| Untracked 
|  94|0x0000000090000000, 0x0000000090000000, 0x0000000090100000|  0%| F|  |TAMS 0x0000000090000000, 0x0000000090000000| Untracked 
|  95|0x0000000090100000, 0x0000000090100000, 0x0000000090200000|  0%| F|  |TAMS 0x0000000090100000, 0x0000000090100000| Untracked 
|  96|0x0000000090200000, 0x0000000090200000, 0x0000000090300000|  0%| F|  |TAMS 0x0000000090200000, 0x0000000090200000| Untracked 
|  97|0x0000000090300000, 0x0000000090300000, 0x0000000090400000|  0%| F|  |TAMS 0x0000000090300000, 0x0000000090300000| Untracked 
|  98|0x0000000090400000, 0x0000000090400000, 0x0000000090500000|  0%| F|  |TAMS 0x0000000090400000, 0x0000000090400000| Untracked 
|  99|0x0000000090500000, 0x0000000090500000, 0x0000000090600000|  0%| F|  |TAMS 0x0000000090500000, 0x0000000090500000| Untracked 
| 100|0x0000000090600000, 0x0000000090600000, 0x0000000090700000|  0%| F|  |TAMS 0x0000000090600000, 0x0000000090600000| Untracked 
| 101|0x0000000090700000, 0x0000000090700000, 0x0000000090800000|  0%| F|  |TAMS 0x0000000090700000, 0x0000000090700000| Untracked 
| 102|0x0000000090800000, 0x0000000090800000, 0x0000000090900000|  0%| F|  |TAMS 0x0000000090800000, 0x0000000090800000| Untracked 
| 103|0x0000000090900000, 0x0000000090900000, 0x0000000090a00000|  0%| F|  |TAMS 0x0000000090900000, 0x0000000090900000| Untracked 
| 104|0x0000000090a00000, 0x0000000090a00000, 0x0000000090b00000|  0%| F|  |TAMS 0x0000000090a00000, 0x0000000090a00000| Untracked 
| 105|0x0000000090b00000, 0x0000000090b00000, 0x0000000090c00000|  0%| F|  |TAMS 0x0000000090b00000, 0x0000000090b00000| Untracked 
| 106|0x0000000090c00000, 0x0000000090c00000, 0x0000000090d00000|  0%| F|  |TAMS 0x0000000090c00000, 0x0000000090c00000| Untracked 
| 107|0x0000000090d00000, 0x0000000090d00000, 0x0000000090e00000|  0%| F|  |TAMS 0x0000000090d00000, 0x0000000090d00000| Untracked 
| 108|0x0000000090e00000, 0x0000000090e00000, 0x0000000090f00000|  0%| F|  |TAMS 0x0000000090e00000, 0x0000000090e00000| Untracked 
| 109|0x0000000090f00000, 0x0000000090f00000, 0x0000000091000000|  0%| F|  |TAMS 0x0000000090f00000, 0x0000000090f00000| Untracked 
| 110|0x0000000091000000, 0x0000000091000000, 0x0000000091100000|  0%| F|  |TAMS 0x0000000091000000, 0x0000000091000000| Untracked 
| 111|0x0000000091100000, 0x0000000091100000, 0x0000000091200000|  0%| F|  |TAMS 0x0000000091100000, 0x0000000091100000| Untracked 
| 112|0x0000000091200000, 0x0000000091200000, 0x0000000091300000|  0%| F|  |TAMS 0x0000000091200000, 0x0000000091200000| Untracked 
| 113|0x0000000091300000, 0x0000000091300000, 0x0000000091400000|  0%| F|  |TAMS 0x0000000091300000, 0x0000000091300000| Untracked 
| 114|0x0000000091400000, 0x00000000914d9be0, 0x0000000091500000| 85%| S|CS|TAMS 0x0000000091400000, 0x0000000091400000| Complete 
| 115|0x0000000091500000, 0x0000000091500000, 0x0000000091600000|  0%| F|  |TAMS 0x0000000091500000, 0x0000000091500000| Untracked 
| 116|0x0000000091600000, 0x0000000091600000, 0x0000000091700000|  0%| F|  |TAMS 0x0000000091600000, 0x0000000091600000| Untracked 
| 117|0x0000000091700000, 0x0000000091700000, 0x0000000091800000|  0%| F|  |TAMS 0x0000000091700000, 0x0000000091700000| Untracked 

Card table byte_map: [0x000001c0a8730000,0x000001c0a8ae0000] _byte_map_base: 0x000001c0a82df000

Marking Bits (Prev, Next): (CMBitMap*) 0x000001c093857178, (CMBitMap*) 0x000001c0938571b0
 Prev Bits: [0x000001c0a8e90000, 0x000001c0aac08000)
 Next Bits: [0x000001c0aac10000, 0x000001c0ac988000)

Polling page: 0x000001c0938e0000

Metaspace:

Usage:
  Non-class:      4.71 MB capacity,     4.71 MB (>99%) used,     3.58 KB ( <1%) free+waste,     1.19 KB ( <1%) overhead. 
      Class:    460.00 KB capacity,   438.40 KB ( 95%) used,    21.04 KB (  5%) free+waste,   576 bytes ( <1%) overhead. 
       Both:      5.16 MB capacity,     5.14 MB (>99%) used,    24.62 KB ( <1%) free+waste,     1.75 KB ( <1%) overhead. 

Virtual space:
  Non-class space:       20.00 MB reserved,       4.75 MB ( 24%) committed 
      Class space:        1.00 GB reserved,     512.00 KB ( <1%) committed 
             Both:        1.02 GB reserved,       5.25 MB ( <1%) committed 

Chunk freelists:
   Non-Class:  36.00 KB
       Class:  20.00 KB
        Both:  56.00 KB

MaxMetaspaceSize: 17179869184.00 GB
CompressedClassSpaceSize: 1.00 GB
Initial GC threshold: 20.80 MB
Current GC threshold: 21.12 MB
CDS: off

CodeHeap 'non-profiled nmethods': size=120064Kb used=54Kb max_used=54Kb free=120009Kb
 bounds [0x000001c0a05f0000, 0x000001c0a0860000, 0x000001c0a7b30000]
CodeHeap 'profiled nmethods': size=120000Kb used=287Kb max_used=287Kb free=119712Kb
 bounds [0x000001c0990c0000, 0x000001c099330000, 0x000001c0a05f0000]
CodeHeap 'non-nmethods': size=5696Kb used=1081Kb max_used=1088Kb free=4614Kb
 bounds [0x000001c098b30000, 0x000001c098da0000, 0x000001c0990c0000]
 total_blobs=508 nmethods=189 adapters=232
 compilation: enabled
              stopped_count=0, restarted_count=0
 full_count=0

Compilation events (20 events):
Event: 0.248 Thread 0x000001c0af27c800  173       3       java.lang.ProcessEnvironment$NameComparator::compare (13 bytes)
Event: 0.248 Thread 0x000001c0af27c800 nmethod 173 0x000001c099106090 code [0x000001c099106260, 0x000001c099106568]
Event: 0.248 Thread 0x000001c0af278800 nmethod 163 0x000001c0a05fa490 code [0x000001c0a05fa620, 0x000001c0a05fa698]
Event: 0.248 Thread 0x000001c0af278800  155       4       java.lang.Character::toUpperCaseEx (30 bytes)
Event: 0.249 Thread 0x000001c0af278800 nmethod 155 0x000001c0a05fa790 code [0x000001c0a05fa920, 0x000001c0a05fa9f8]
Event: 0.249 Thread 0x000001c0af278800  164       4       java.lang.String::coder (15 bytes)
Event: 0.250 Thread 0x000001c0af278800 nmethod 164 0x000001c0a05fab10 code [0x000001c0a05faca0, 0x000001c0a05facf8]
Event: 0.250 Thread 0x000001c0af278800  172       4       java.lang.String::length (11 bytes)
Event: 0.250 Thread 0x000001c0af278800 nmethod 172 0x000001c0a05fae10 code [0x000001c0a05fafa0, 0x000001c0a05fb018]
Event: 0.254 Thread 0x000001c0af27c800  176       1       java.lang.Enum::ordinal (5 bytes)
Event: 0.254 Thread 0x000001c0af27c800 nmethod 176 0x000001c0a05fb410 code [0x000001c0a05fb5c0, 0x000001c0a05fb678]
Event: 0.258 Thread 0x000001c0af27c800  180       3       java.util.concurrent.ConcurrentHashMap::get (162 bytes)
Event: 0.259 Thread 0x000001c0af27c800 nmethod 180 0x000001c099106690 code [0x000001c099106900, 0x000001c0991075b8]
Event: 0.259 Thread 0x000001c0af27c800  184       1       java.lang.invoke.MethodType$ConcurrentWeakInternSet$WeakEntry::hashCode (5 bytes)
Event: 0.259 Thread 0x000001c0af27c800 nmethod 184 0x000001c0a05fcc10 code [0x000001c0a05fcdc0, 0x000001c0a05fce78]
Event: 0.260 Thread 0x000001c0af27c800  186       1       java.lang.Class::getClassLoader0 (5 bytes)
Event: 0.260 Thread 0x000001c0af27c800 nmethod 186 0x000001c0a05fcf10 code [0x000001c0a05fd0c0, 0x000001c0a05fd178]
Event: 0.262 Thread 0x000001c0af27c800  189       3       java.lang.ref.Reference::<init> (25 bytes)
Event: 0.262 Thread 0x000001c0af27c800 nmethod 189 0x000001c099107910 code [0x000001c099107ae0, 0x000001c099107d58]
Event: 0.262 Thread 0x000001c0af27c800  191       3       java.lang.invoke.MethodTypeForm::canonicalize (233 bytes)

GC Heap History (2 events):
Event: 0.263 GC heap before
{Heap before GC invocations=0 (full 0):
 garbage-first heap   total 120832K, used 14336K [0x000000008a200000, 0x0000000100000000)
  region size 1024K, 3 young (3072K), 0 survivors (0K)
 Metaspace       used 5261K, capacity 5288K, committed 5376K, reserved 1067008K
  class space    used 438K, capacity 460K, committed 512K, reserved 1048576K
}
Event: 0.265 GC heap after
{Heap after GC invocations=1 (full 0):
 garbage-first heap   total 120832K, used 13158K [0x000000008a200000, 0x0000000100000000)
  region size 1024K, 1 young (1024K), 1 survivors (1024K)
 Metaspace       used 5261K, capacity 5288K, committed 5376K, reserved 1067008K
  class space    used 438K, capacity 460K, committed 512K, reserved 1048576K
}

Deoptimization events (20 events):
Event: 0.239 Thread 0x000001c093816800 DEOPT PACKING pc=0x000001c0990f4ed0 sp=0x000000881effc510
Event: 0.239 Thread 0x000001c093816800 DEOPT UNPACKING pc=0x000001c098b7a95e sp=0x000000881effb998 mode 0
Event: 0.240 Thread 0x000001c093816800 DEOPT PACKING pc=0x000001c0990f4ed0 sp=0x000000881effc510
Event: 0.240 Thread 0x000001c093816800 DEOPT UNPACKING pc=0x000001c098b7a95e sp=0x000000881effb998 mode 0
Event: 0.240 Thread 0x000001c093816800 DEOPT PACKING pc=0x000001c0990f4ed0 sp=0x000000881effc510
Event: 0.240 Thread 0x000001c093816800 DEOPT UNPACKING pc=0x000001c098b7a95e sp=0x000000881effb998 mode 0
Event: 0.240 Thread 0x000001c093816800 DEOPT PACKING pc=0x000001c0990f4ed0 sp=0x000000881effc510
Event: 0.240 Thread 0x000001c093816800 DEOPT UNPACKING pc=0x000001c098b7a95e sp=0x000000881effb998 mode 0
Event: 0.240 Thread 0x000001c093816800 DEOPT PACKING pc=0x000001c0990f4ed0 sp=0x000000881effc510
Event: 0.240 Thread 0x000001c093816800 DEOPT UNPACKING pc=0x000001c098b7a95e sp=0x000000881effb998 mode 0
Event: 0.240 Thread 0x000001c093816800 DEOPT PACKING pc=0x000001c0990f4ed0 sp=0x000000881effc510
Event: 0.240 Thread 0x000001c093816800 DEOPT UNPACKING pc=0x000001c098b7a95e sp=0x000000881effb998 mode 0
Event: 0.240 Thread 0x000001c093816800 DEOPT PACKING pc=0x000001c0990f4ed0 sp=0x000000881effc510
Event: 0.240 Thread 0x000001c093816800 DEOPT UNPACKING pc=0x000001c098b7a95e sp=0x000000881effb998 mode 0
Event: 0.240 Thread 0x000001c093816800 DEOPT PACKING pc=0x000001c0990f4ed0 sp=0x000000881effc510
Event: 0.240 Thread 0x000001c093816800 DEOPT UNPACKING pc=0x000001c098b7a95e sp=0x000000881effb998 mode 0
Event: 0.240 Thread 0x000001c093816800 DEOPT PACKING pc=0x000001c0990f4ed0 sp=0x000000881effc510
Event: 0.240 Thread 0x000001c093816800 DEOPT UNPACKING pc=0x000001c098b7a95e sp=0x000000881effb998 mode 0
Event: 0.240 Thread 0x000001c093816800 DEOPT PACKING pc=0x000001c0990f4ed0 sp=0x000000881effc510
Event: 0.240 Thread 0x000001c093816800 DEOPT UNPACKING pc=0x000001c098b7a95e sp=0x000000881effb998 mode 0

Classes redefined (0 events):
No events

Internal exceptions (0 events):
No events

Events (20 events):
Event: 0.260 loading class java/lang/ClassValue$Version
Event: 0.260 loading class java/lang/ClassValue$Version done
Event: 0.260 loading class java/lang/invoke/StringConcatFactory$Stringifiers$StringifierAny
Event: 0.260 loading class java/lang/invoke/StringConcatFactory$Stringifiers$StringifierAny done
Event: 0.260 loading class java/lang/ClassValue$ClassValueMap
Event: 0.260 loading class java/lang/ClassValue$ClassValueMap done
Event: 0.261 loading class java/lang/invoke/BoundMethodHandle$Specializer
Event: 0.261 loading class java/lang/invoke/ClassSpecializer
Event: 0.261 loading class java/lang/invoke/ClassSpecializer done
Event: 0.261 loading class java/lang/invoke/BoundMethodHandle$Specializer done
Event: 0.261 loading class java/lang/invoke/ClassSpecializer$1
Event: 0.261 loading class java/lang/invoke/ClassSpecializer$1 done
Event: 0.261 loading class java/lang/invoke/BoundMethodHandle$SpeciesData
Event: 0.261 loading class java/lang/invoke/ClassSpecializer$SpeciesData
Event: 0.261 loading class java/lang/invoke/ClassSpecializer$SpeciesData done
Event: 0.261 loading class java/lang/invoke/BoundMethodHandle$SpeciesData done
Event: 0.262 loading class java/util/ImmutableCollections$SubList
Event: 0.262 loading class java/util/ImmutableCollections$SubList done
Event: 0.262 loading class java/lang/invoke/BoundMethodHandle$Specializer$Factory
Event: 0.262 Executing VM operation: CollectForMetadataAllocation


Dynamic libraries:
0x00007ff7dd640000 - 0x00007ff7dd64a000 	C:\Users\manue\AppData\Local\JetBrains\Toolbox\apps\AndroidStudio\ch-0\221.6008.13.2211.9619390\jbr\bin\java.exe
0x00007fffab8f0000 - 0x00007fffabb04000 	C:\WINDOWS\SYSTEM32\ntdll.dll
0x00007fffab6d0000 - 0x00007fffab793000 	C:\WINDOWS\System32\KERNEL32.DLL
0x00007fffa8d30000 - 0x00007fffa90cc000 	C:\WINDOWS\System32\KERNELBASE.dll
0x00007fffa93a0000 - 0x00007fffa94b1000 	C:\WINDOWS\System32\ucrtbase.dll
0x00007fff69ea0000 - 0x00007fff69ebb000 	C:\Users\manue\AppData\Local\JetBrains\Toolbox\apps\AndroidStudio\ch-0\221.6008.13.2211.9619390\jbr\bin\VCRUNTIME140.dll
0x00007fff6ccd0000 - 0x00007fff6cce7000 	C:\Users\manue\AppData\Local\JetBrains\Toolbox\apps\AndroidStudio\ch-0\221.6008.13.2211.9619390\jbr\bin\jli.dll
0x00007fffaa7f0000 - 0x00007fffaa99d000 	C:\WINDOWS\System32\USER32.dll
0x00007fffa9630000 - 0x00007fffa9656000 	C:\WINDOWS\System32\win32u.dll
0x00007fffab880000 - 0x00007fffab8a9000 	C:\WINDOWS\System32\GDI32.dll
0x00007fffa90d0000 - 0x00007fffa91e3000 	C:\WINDOWS\System32\gdi32full.dll
0x00007fffa9660000 - 0x00007fffa96fa000 	C:\WINDOWS\System32\msvcp_win.dll
0x00007fffa7f90000 - 0x00007fffa821e000 	C:\WINDOWS\WinSxS\amd64_microsoft.windows.common-controls_6595b64144ccf1df_6.0.22621.608_none_a9444ca7c10bb01d\COMCTL32.dll
0x00007fffaab40000 - 0x00007fffaabe7000 	C:\WINDOWS\System32\msvcrt.dll
0x00007fffaad10000 - 0x00007fffaad41000 	C:\WINDOWS\System32\IMM32.DLL
0x00007fffa3560000 - 0x00007fffa356c000 	C:\Users\manue\AppData\Local\JetBrains\Toolbox\apps\AndroidStudio\ch-0\221.6008.13.2211.9619390\jbr\bin\vcruntime140_1.dll
0x00007fff5ea40000 - 0x00007fff5eacd000 	C:\Users\manue\AppData\Local\JetBrains\Toolbox\apps\AndroidStudio\ch-0\221.6008.13.2211.9619390\jbr\bin\msvcp140.dll
0x00007fff49b80000 - 0x00007fff4a73c000 	C:\Users\manue\AppData\Local\JetBrains\Toolbox\apps\AndroidStudio\ch-0\221.6008.13.2211.9619390\jbr\bin\server\jvm.dll
0x00007fffaac60000 - 0x00007fffaad0e000 	C:\WINDOWS\System32\ADVAPI32.dll
0x00007fffaa740000 - 0x00007fffaa7e4000 	C:\WINDOWS\System32\sechost.dll
0x00007fffaa9a0000 - 0x00007fffaaab5000 	C:\WINDOWS\System32\RPCRT4.dll
0x00007fffaaac0000 - 0x00007fffaaac8000 	C:\WINDOWS\System32\PSAPI.DLL
0x00007fff9ec70000 - 0x00007fff9eca4000 	C:\WINDOWS\SYSTEM32\WINMM.dll
0x00007fff70430000 - 0x00007fff70439000 	C:\WINDOWS\SYSTEM32\WSOCK32.dll
0x00007fffab5a0000 - 0x00007fffab611000 	C:\WINDOWS\System32\WS2_32.dll
0x00007fff9e870000 - 0x00007fff9e87a000 	C:\WINDOWS\SYSTEM32\VERSION.dll
0x00007fffa7540000 - 0x00007fffa7558000 	C:\WINDOWS\SYSTEM32\kernel.appcore.dll
0x00007fff5cc00000 - 0x00007fff5cc10000 	C:\Users\manue\AppData\Local\JetBrains\Toolbox\apps\AndroidStudio\ch-0\221.6008.13.2211.9619390\jbr\bin\verify.dll
0x00007fffa86b0000 - 0x00007fffa88de000 	C:\WINDOWS\SYSTEM32\DBGHELP.DLL
0x00007fffa9ac0000 - 0x00007fffa9e49000 	C:\WINDOWS\System32\combase.dll
0x00007fffab7a0000 - 0x00007fffab877000 	C:\WINDOWS\System32\OLEAUT32.dll
0x00007fffa8500000 - 0x00007fffa8532000 	C:\WINDOWS\SYSTEM32\dbgcore.DLL
0x00007fffa9320000 - 0x00007fffa939b000 	C:\WINDOWS\System32\bcryptPrimitives.dll
0x00007fff5cbb0000 - 0x00007fff5cbd8000 	C:\Users\manue\AppData\Local\JetBrains\Toolbox\apps\AndroidStudio\ch-0\221.6008.13.2211.9619390\jbr\bin\java.dll
0x00007fff5cba0000 - 0x00007fff5cbaa000 	C:\Users\manue\AppData\Local\JetBrains\Toolbox\apps\AndroidStudio\ch-0\221.6008.13.2211.9619390\jbr\bin\jimage.dll
0x00007fff4cff0000 - 0x00007fff4d008000 	C:\Users\manue\AppData\Local\JetBrains\Toolbox\apps\AndroidStudio\ch-0\221.6008.13.2211.9619390\jbr\bin\zip.dll
0x00007fffaadb0000 - 0x00007fffab5a0000 	C:\WINDOWS\System32\SHELL32.dll
0x00007fffa6330000 - 0x00007fffa6bfe000 	C:\WINDOWS\SYSTEM32\windows.storage.dll
0x00007fffa61f0000 - 0x00007fffa632e000 	C:\WINDOWS\SYSTEM32\wintypes.dll
0x00007fffa99c0000 - 0x00007fffa9ab1000 	C:\WINDOWS\System32\SHCORE.dll
0x00007fffaad50000 - 0x00007fffaadae000 	C:\WINDOWS\System32\shlwapi.dll
0x00007fffa8c60000 - 0x00007fffa8c81000 	C:\WINDOWS\SYSTEM32\profapi.dll
0x00007fff4ca00000 - 0x00007fff4ca19000 	C:\Users\manue\AppData\Local\JetBrains\Toolbox\apps\AndroidStudio\ch-0\221.6008.13.2211.9619390\jbr\bin\net.dll
0x00007fff9ef30000 - 0x00007fff9f05f000 	C:\WINDOWS\SYSTEM32\WINHTTP.dll
0x00007fffa79e0000 - 0x00007fffa7a49000 	C:\WINDOWS\system32\mswsock.dll
0x00007fff4c9e0000 - 0x00007fff4c9f3000 	C:\Users\manue\AppData\Local\JetBrains\Toolbox\apps\AndroidStudio\ch-0\221.6008.13.2211.9619390\jbr\bin\nio.dll

dbghelp: loaded successfully - version: 4.0.5 - missing functions: none
symbol engine: initialized successfully - sym options: 0x614 - pdb path: .;C:\Users\manue\AppData\Local\JetBrains\Toolbox\apps\AndroidStudio\ch-0\221.6008.13.2211.9619390\jbr\bin;C:\WINDOWS\SYSTEM32;C:\WINDOWS\WinSxS\amd64_microsoft.windows.common-controls_6595b64144ccf1df_6.0.22621.608_none_a9444ca7c10bb01d;C:\Users\manue\AppData\Local\JetBrains\Toolbox\apps\AndroidStudio\ch-0\221.6008.13.2211.9619390\jbr\bin\server

VM Arguments:
java_command: git4idea.http.GitAskPassApp Password for 'https://manuelddahmen@github.com': 
java_class_path (initial): C:/Users/manue/AppData/Local/JetBrains/Toolbox/apps/AndroidStudio/ch-0/221.6008.13.2211.9619390/plugins/git4idea/lib/git4idea-rt.jar;C:/Users/manue/AppData/Local/JetBrains/Toolbox/apps/AndroidStudio/ch-0/221.6008.13.2211.9619390/lib/externalProcess-rt.jar;C:/Users/manue/AppData/Local/JetBrains/Toolbox/apps/AndroidStudio/ch-0/221.6008.13.2211.9619390/lib/app.jar;C:/Users/manue/AppData/Local/JetBrains/Toolbox/apps/AndroidStudio/ch-0/221.6008.13.2211.9619390/lib/3rd-party-rt.jar
Launcher Type: SUN_STANDARD

[Global flags]
     intx CICompilerCount                          = 3                                         {product} {ergonomic}
     uint ConcGCThreads                            = 2                                         {product} {ergonomic}
     uint G1ConcRefinementThreads                  = 6                                         {product} {ergonomic}
   size_t G1HeapRegionSize                         = 1048576                                   {product} {ergonomic}
    uintx GCDrainStackTargetSize                   = 64                                        {product} {ergonomic}
   size_t InitialHeapSize                          = 123731968                                 {product} {ergonomic}
   size_t MarkStackSize                            = 4194304                                   {product} {ergonomic}
   size_t MaxHeapSize                              = 1977614336                                {product} {ergonomic}
   size_t MaxNewSize                               = 1185939456                                {product} {ergonomic}
   size_t MinHeapDeltaBytes                        = 1048576                                   {product} {ergonomic}
    uintx NonNMethodCodeHeapSize                   = 5830732                                {pd product} {ergonomic}
    uintx NonProfiledCodeHeapSize                  = 122913754                              {pd product} {ergonomic}
    uintx ProfiledCodeHeapSize                     = 122913754                              {pd product} {ergonomic}
    uintx ReservedCodeCacheSize                    = 251658240                              {pd product} {ergonomic}
     bool SegmentedCodeCache                       = true                                      {product} {ergonomic}
     bool UseCompressedClassPointers               = true                                 {lp64_product} {ergonomic}
     bool UseCompressedOops                        = true                                 {lp64_product} {ergonomic}
     bool UseG1GC                                  = true                                      {product} {ergonomic}
     bool UseLargePagesIndividualAllocation        = false                                  {pd product} {ergonomic}

Logging:
Log output configuration:
 #0: stdout all=warning uptime,level,tags
 #1: stderr all=off uptime,level,tags

Environment Variables:
JAVA_HOME=C:\Program Files\Java\jdk-17_2
PATH=C:\Program Files\Git\mingw64\libexec\git-core;C:\Program Files\Git\mingw64\libexec\git-core;C:\Program Files\Git\mingw64\bin;C:\Program Files\Git\usr\bin;C:\Users\manue\bin;C:\Program Files\Python311\Scripts;C:\Program Files\Python311;C:\Program Files\Common Files\Oracle\Java\javapath;C:\Program Files (x86)\Common Files\Oracle\Java\javapath;C:\Program Files\NVIDIA GPU Computing Toolkit\CUDA\v11.5\bin;C:\Program Files\NVIDIA GPU Computing Toolkit\CUDA\v11.5\libnvvp;C:\Program Files\Java\jdk-17;C:\Program Files\NVIDIA GPU Computing Toolkit\CUDA\v11.4\bin;C:\Program Files\NVIDIA GPU Computing Toolkit\CUDA\v11.4\libnvvp;C:\windows\system32;C:\windows;C:\windows\System32\Wbem;C:\windows\System32\WindowsPowerShell\v1.0;C:\windows\System32\OpenSSH;C:\Program Files (x86)\GnuPG\bin;C:\Program Files\Microsoft VS Code\bin;C:\Program Files\Microsoft SQL Server\130\Tools\Binn;C:\Program Files\dotnet;C:\Program Files\Java\jdk1.8.0_291;C:\Program Files (x86)\NVIDIA Corporation\PhysX\Common;C:\WINDOWS\system32;C:\WINDOWS;C:\WINDOWS\System32\Wbem;C:\WINDOWS\System32\WindowsPowerShell\v1.0;C:\WINDOWS\System32\OpenSSH;C:\Program Files (x86)\dotnet;C:\Program Files\Docker\Docker\resources\bin;C:\ProgramData\DockerDesktop\version-bin;C:\Program Files\TortoiseGit\bin;C:\Users\manue\AppData\Roaming\nvm;C:\Program Files\nodejs;C:\Program Files\Git\cmd;C:\WINDOWS\system32;C:\WINDOWS;C:\WINDOWS\System32\Wbem;C:\WINDOWS\System32\WindowsPowerShell\v1.0;C:\WINDOWS\System32\OpenSSH;C:\Program Files\PowerShell\7;C:\Program Files\MySQL\MySQL Shell 8.0\bin;C:\Users\manue\AppData\Local\Programs\Python\Python310\Scripts;C:\Users\manue\AppData\Local\Programs\Python\Python310;C:\Program Files\Java\jdk-17;C:\Users\manue\AppData\Local\Microsoft\WindowsApps;C:\Program Files\NVIDIA GPU Computing Toolkit\CUDA\v11.5\bin;C:\Program Files\NVIDIA GPU Computing Toolkit\CUDA\v11.5\lib\x64;C:\Program Files\JetBrains\Rider for Unreal Engine 2021.3.1\bin;C:\Users\manue\AppData\Roaming\nvm;C:\Program Files\nodejs;C
USERNAME=manue
DISPLAY=:0.0
LC_ALL=en_US.UTF-8
OS=Windows_NT
PROCESSOR_IDENTIFIER=AMD64 Family 23 Model 96 Stepping 1, AuthenticAMD



---------------  S Y S T E M  ---------------

OS: Windows 11 , 64 bit Build 22621 (10.0.22621.1344)
OS uptime: 1 days 7:48 hours
Hyper-V role detected

CPU:total 6 (initial active 6) (6 cores per cpu, 1 threads per core) family 23 model 96 stepping 1 microcode 0x0, cmov, cx8, fxsr, mmx, sse, sse2, sse3, ssse3, sse4.1, sse4.2, popcnt, avx, avx2, aes, clmul, mmxext, 3dnowpref, lzcnt, sse4a, tsc, tscinvbit, tscinv, bmi1, bmi2, adx, sha, fma

Memory: 4k page, system-wide physical 7541M (77M free)
TotalPageFile size 31093M (AvailPageFile size 0M)
current process WorkingSet (physical memory assigned to process): 49M, peak: 49M
current process commit charge ("private bytes"): 190M, peak: 192M

vm_info: OpenJDK 64-Bit Server VM (11.0.15+0-b2043.56-9505619) for windows-amd64 JRE (11.0.15+0-b2043.56-9505619), built on Jan 19 2023 02:48:00 by "builduser" with unknown MS VC++:1929

END.
