#
# There is insufficient memory for the Java Runtime Environment to continue.
# Native memory allocation (mmap) failed to map 123731968 bytes for Failed to commit area from 0x000000008a200000 to 0x0000000091800000 of length 123731968.
# Possible reasons:
#   The system is out of physical RAM or swap space
#   The process is running with CompressedOops enabled, and the Java Heap may be blocking the growth of the native heap
# Possible solutions:
#   Reduce memory load on the system
#   Increase physical memory or swap space
#   Check if swap backing store is full
#   Decrease Java heap size (-Xmx/-Xms)
#   Decrease number of Java threads
#   Decrease Java thread stack sizes (-Xss)
#   Set larger code cache with -XX:ReservedCodeCacheSize=
# This output file may be truncated or incomplete.
#
#  Out of Memory Error (src/hotspot/os/windows/os_windows.cpp:3627), pid=19144, tid=7320
#
# JRE version:  (11.0.15) (build )
# Java VM: OpenJDK 64-Bit Server VM (11.0.15+0-b2043.56-8887301, mixed mode, sharing, tiered, compressed oops, g1 gc, windows-amd64)
# No core dump will be written. Minidumps are not enabled by default on client versions of Windows
#

---------------  S U M M A R Y ------------

Command Line: git4idea.http.GitAskPassApp Username for 'https://github.com': 

Host: AMD Ryzen 5 4500U with Radeon Graphics         , 6 cores, 7G,  Windows 11 , 64 bit Build 22621 (10.0.22621.1105)
Time: Fri Jan 13 16:24:14 2023 Paris, Madrid elapsed time: 0.106190 seconds (0d 0h 0m 0s)

---------------  T H R E A D  ---------------

Current thread (0x00000215ef9a8000):  JavaThread "Unknown thread" [_thread_in_vm, id=7320, stack(0x0000006d56c00000,0x0000006d56d00000)]

Stack: [0x0000006d56c00000,0x0000006d56d00000]
Native frames: (J=compiled Java code, j=interpreted, Vv=VM code, C=native code)
V  [jvm.dll+0x64135a]
V  [jvm.dll+0x7d39f9]
V  [jvm.dll+0x7d51b9]
V  [jvm.dll+0x7d58a3]
V  [jvm.dll+0x2691c5]
V  [jvm.dll+0x63e4e9]
V  [jvm.dll+0x632985]
V  [jvm.dll+0x3231ac]
V  [jvm.dll+0x323032]
V  [jvm.dll+0x327c06]
V  [jvm.dll+0x36ffa2]
V  [jvm.dll+0x36fa01]
V  [jvm.dll+0x2fea28]
V  [jvm.dll+0x2ffb25]
V  [jvm.dll+0x7accd7]
V  [jvm.dll+0x7ae49f]
V  [jvm.dll+0x37d299]
V  [jvm.dll+0x78ef9f]
V  [jvm.dll+0x3ec847]
V  [jvm.dll+0x3eed31]
C  [jli.dll+0x52cb]
C  [ucrtbase.dll+0x29363]
C  [KERNEL32.DLL+0x126bd]
C  [ntdll.dll+0x5dfb8]


---------------  P R O C E S S  ---------------

Threads class SMR info:
_java_thread_list=0x00000215ed6b3920, length=0, elements={
}

Java Threads: ( => current thread )

Other Threads:
  0x00000215ef9c1000 GCTaskThread "GC Thread#0" [stack: 0x0000006d56d00000,0x0000006d56e00000] [id=5688]
  0x00000215ef9ee000 ConcurrentGCThread "G1 Main Marker" [stack: 0x0000006d56e00000,0x0000006d56f00000] [id=18388]
  0x00000215ef9f0000 ConcurrentGCThread "G1 Conc#0" [stack: 0x0000006d56f00000,0x0000006d57000000] [id=14992]

[error occurred during error reporting (printing all threads), id 0xc0000005, EXCEPTION_ACCESS_VIOLATION (0xc0000005) at pc=0x00007ffdb75df3e7]

VM state:not at safepoint (not fully initialized)

VM Mutex/Monitor currently owned by a thread:  ([mutex/lock_event])
[0x00000215ef9a3550] Heap_lock - owner thread: 0x00000215ef9a8000

Heap address: 0x000000008a200000, size: 1886 MB, Compressed Oops mode: Non-zero based: 0x000000008a200000
Narrow klass base: 0x0000000000000000, Narrow klass shift: 0

GC Heap History (0 events):
No events

Deoptimization events (0 events):
No events

Classes redefined (0 events):
No events

Internal exceptions (0 events):
No events

Events (1 events):
Event: 0.062 Loaded shared library C:\Users\manue\AppData\Local\JetBrains\Toolbox\apps\AndroidStudio\ch-0\221.6008.13.2211.9477386\jbr\bin\zip.dll


Dynamic libraries:
0x00007ff6a9ee0000 - 0x00007ff6a9eea000 	C:\Users\manue\AppData\Local\JetBrains\Toolbox\apps\AndroidStudio\ch-0\221.6008.13.2211.9477386\jbr\bin\java.exe
0x00007ffe64a90000 - 0x00007ffe64ca4000 	C:\WINDOWS\SYSTEM32\ntdll.dll
0x00007ffe635a0000 - 0x00007ffe63663000 	C:\WINDOWS\System32\KERNEL32.DLL
0x00007ffe62110000 - 0x00007ffe624ad000 	C:\WINDOWS\System32\KERNELBASE.dll
0x00007ffe5f2b0000 - 0x00007ffe5f347000 	C:\WINDOWS\SYSTEM32\apphelp.dll
0x00007ffe625c0000 - 0x00007ffe626d1000 	C:\WINDOWS\System32\ucrtbase.dll
0x00007ffe464f0000 - 0x00007ffe46507000 	C:\Users\manue\AppData\Local\JetBrains\Toolbox\apps\AndroidStudio\ch-0\221.6008.13.2211.9477386\jbr\bin\jli.dll
0x00007ffe46310000 - 0x00007ffe4632b000 	C:\Users\manue\AppData\Local\JetBrains\Toolbox\apps\AndroidStudio\ch-0\221.6008.13.2211.9477386\jbr\bin\VCRUNTIME140.dll
0x00007ffe63b40000 - 0x00007ffe63ced000 	C:\WINDOWS\System32\USER32.dll
0x00007ffe626e0000 - 0x00007ffe62706000 	C:\WINDOWS\System32\win32u.dll
0x00007ffe62880000 - 0x00007ffe628a9000 	C:\WINDOWS\System32\GDI32.dll
0x00007ffe61eb0000 - 0x00007ffe61fc2000 	C:\WINDOWS\System32\gdi32full.dll
0x00007ffe62520000 - 0x00007ffe625ba000 	C:\WINDOWS\System32\msvcp_win.dll
0x00007ffe57980000 - 0x00007ffe57c0e000 	C:\WINDOWS\WinSxS\amd64_microsoft.windows.common-controls_6595b64144ccf1df_6.0.22621.608_none_a9444ca7c10bb01d\COMCTL32.dll
0x00007ffe63dc0000 - 0x00007ffe63e67000 	C:\WINDOWS\System32\msvcrt.dll
0x00007ffe63d00000 - 0x00007ffe63d32000 	C:\WINDOWS\System32\IMM32.DLL
0x00007ffe2b940000 - 0x00007ffe2b9cd000 	C:\Users\manue\AppData\Local\JetBrains\Toolbox\apps\AndroidStudio\ch-0\221.6008.13.2211.9477386\jbr\bin\msvcp140.dll
0x00007ffe435e0000 - 0x00007ffe435ec000 	C:\WINDOWS\SYSTEM32\VCRUNTIME140_1.dll
0x00007ffdb72d0000 - 0x00007ffdb7e8c000 	C:\Users\manue\AppData\Local\JetBrains\Toolbox\apps\AndroidStudio\ch-0\221.6008.13.2211.9477386\jbr\bin\server\jvm.dll
0x00007ffe62c50000 - 0x00007ffe62cfe000 	C:\WINDOWS\System32\ADVAPI32.dll
0x00007ffe63790000 - 0x00007ffe63834000 	C:\WINDOWS\System32\sechost.dll
0x00007ffe63670000 - 0x00007ffe63785000 	C:\WINDOWS\System32\RPCRT4.dll
0x00007ffe57c30000 - 0x00007ffe57c3a000 	C:\WINDOWS\SYSTEM32\VERSION.dll
0x00007ffe586b0000 - 0x00007ffe586e4000 	C:\WINDOWS\SYSTEM32\WINMM.dll
0x00007ffe63200000 - 0x00007ffe63208000 	C:\WINDOWS\System32\PSAPI.DLL
0x00007ffe125d0000 - 0x00007ffe125d9000 	C:\WINDOWS\SYSTEM32\WSOCK32.dll
0x00007ffe63180000 - 0x00007ffe631f1000 	C:\WINDOWS\System32\ws2_32.DLL
0x00007ffe60f70000 - 0x00007ffe60f88000 	C:\WINDOWS\SYSTEM32\kernel.appcore.dll
0x00007ffe5ea80000 - 0x00007ffe5ea90000 	C:\Users\manue\AppData\Local\JetBrains\Toolbox\apps\AndroidStudio\ch-0\221.6008.13.2211.9477386\jbr\bin\verify.dll
0x00007ffe4f110000 - 0x00007ffe4f33e000 	C:\WINDOWS\SYSTEM32\DBGHELP.DLL
0x00007ffe646c0000 - 0x00007ffe64a4a000 	C:\WINDOWS\System32\combase.dll
0x00007ffe63a40000 - 0x00007ffe63b17000 	C:\WINDOWS\System32\OLEAUT32.dll
0x00007ffe4f0d0000 - 0x00007ffe4f102000 	C:\WINDOWS\SYSTEM32\dbgcore.DLL
0x00007ffe61fd0000 - 0x00007ffe6204b000 	C:\WINDOWS\System32\bcryptPrimitives.dll
0x00007ffe48480000 - 0x00007ffe484a8000 	C:\Users\manue\AppData\Local\JetBrains\Toolbox\apps\AndroidStudio\ch-0\221.6008.13.2211.9477386\jbr\bin\java.dll
0x00007ffe59480000 - 0x00007ffe5948a000 	C:\Users\manue\AppData\Local\JetBrains\Toolbox\apps\AndroidStudio\ch-0\221.6008.13.2211.9477386\jbr\bin\jimage.dll
0x00007ffe46430000 - 0x00007ffe46448000 	C:\Users\manue\AppData\Local\JetBrains\Toolbox\apps\AndroidStudio\ch-0\221.6008.13.2211.9477386\jbr\bin\zip.dll

dbghelp: loaded successfully - version: 4.0.5 - missing functions: none
symbol engine: initialized successfully - sym options: 0x614 - pdb path: .;C:\Users\manue\AppData\Local\JetBrains\Toolbox\apps\AndroidStudio\ch-0\221.6008.13.2211.9477386\jbr\bin;C:\WINDOWS\SYSTEM32;C:\WINDOWS\WinSxS\amd64_microsoft.windows.common-controls_6595b64144ccf1df_6.0.22621.608_none_a9444ca7c10bb01d;C:\Users\manue\AppData\Local\JetBrains\Toolbox\apps\AndroidStudio\ch-0\221.6008.13.2211.9477386\jbr\bin\server

VM Arguments:
java_command: git4idea.http.GitAskPassApp Username for 'https://github.com': 
java_class_path (initial): C:/Users/manue/AppData/Local/JetBrains/Toolbox/apps/AndroidStudio/ch-0/221.6008.13.2211.9477386/plugins/git4idea/lib/git4idea-rt.jar;C:/Users/manue/AppData/Local/JetBrains/Toolbox/apps/AndroidStudio/ch-0/221.6008.13.2211.9477386/lib/externalProcess-rt.jar;C:/Users/manue/AppData/Local/JetBrains/Toolbox/apps/AndroidStudio/ch-0/221.6008.13.2211.9477386/lib/app.jar;C:/Users/manue/AppData/Local/JetBrains/Toolbox/apps/AndroidStudio/ch-0/221.6008.13.2211.9477386/lib/3rd-party-rt.jar
Launcher Type: SUN_STANDARD

[Global flags]
     intx CICompilerCount                          = 3                                         {product} {ergonomic}
     uint ConcGCThreads                            = 2                                         {product} {ergonomic}
     uint G1ConcRefinementThreads                  = 6                                         {product} {ergonomic}
   size_t G1HeapRegionSize                         = 1048576                                   {product} {ergonomic}
    uintx GCDrainStackTargetSize                   = 64                                        {product} {ergonomic}
   size_t InitialHeapSize                          = 123731968                                 {product} {ergonomic}
   size_t MarkStackSize                            = 4194304                                   {product} {ergonomic}
   size_t MaxHeapSize                              = 1977614336                                {product} {ergonomic}
   size_t MinHeapDeltaBytes                        = 1048576                                   {product} {ergonomic}
    uintx NonNMethodCodeHeapSize                   = 5830732                                {pd product} {ergonomic}
    uintx NonProfiledCodeHeapSize                  = 122913754                              {pd product} {ergonomic}
    uintx ProfiledCodeHeapSize                     = 122913754                              {pd product} {ergonomic}
    uintx ReservedCodeCacheSize                    = 251658240                              {pd product} {ergonomic}
     bool SegmentedCodeCache                       = true                                      {product} {ergonomic}
     bool UseCompressedClassPointers               = true                                 {lp64_product} {ergonomic}
     bool UseCompressedOops                        = true                                 {lp64_product} {ergonomic}
     bool UseG1GC                                  = true                                      {product} {ergonomic}
     bool UseLargePagesIndividualAllocation        = false                                  {pd product} {ergonomic}

Logging:
Log output configuration:
 #0: stdout all=warning uptime,level,tags
 #1: stderr all=off uptime,level,tags

Environment Variables:
JAVA_HOME=C:\Program Files\Java\jdk-17_2
PATH=C:\Program Files\Git\mingw64\libexec\git-core;C:\Program Files\Git\mingw64\libexec\git-core;C:\Program Files\Git\mingw64\bin;C:\Program Files\Git\usr\bin;C:\Users\manue\bin;C:\Program Files\Python311\Scripts;C:\Program Files\Python311;C:\Program Files\Common Files\Oracle\Java\javapath;C:\Program Files (x86)\Common Files\Oracle\Java\javapath;C:\Program Files\NVIDIA GPU Computing Toolkit\CUDA\v11.5\bin;C:\Program Files\NVIDIA GPU Computing Toolkit\CUDA\v11.5\libnvvp;C:\Program Files\Java\jdk-17;C:\Program Files\NVIDIA GPU Computing Toolkit\CUDA\v11.4\bin;C:\Program Files\NVIDIA GPU Computing Toolkit\CUDA\v11.4\libnvvp;C:\windows\system32;C:\windows;C:\windows\System32\Wbem;C:\windows\System32\WindowsPowerShell\v1.0;C:\windows\System32\OpenSSH;C:\Program Files (x86)\GnuPG\bin;C:\Program Files\Microsoft VS Code\bin;C:\Program Files\Microsoft SQL Server\130\Tools\Binn;C:\Program Files\dotnet;C:\Program Files\Java\jdk1.8.0_291;C:\Program Files (x86)\NVIDIA Corporation\PhysX\Common;C:\WINDOWS\system32;C:\WINDOWS;C:\WINDOWS\System32\Wbem;C:\WINDOWS\System32\WindowsPowerShell\v1.0;C:\WINDOWS\System32\OpenSSH;C:\Program Files (x86)\dotnet;C:\Program Files\Docker\Docker\resources\bin;C:\ProgramData\DockerDesktop\version-bin;C:\Program Files\TortoiseGit\bin;C:\Users\manue\AppData\Roaming\nvm;C:\Program Files\nodejs;C:\Program Files\Git\cmd;C:\WINDOWS\system32;C:\WINDOWS;C:\WINDOWS\System32\Wbem;C:\WINDOWS\System32\WindowsPowerShell\v1.0;C:\WINDOWS\System32\OpenSSH;C:\Program Files\PowerShell\7;C:\Program Files\MySQL\MySQL Shell 8.0\bin;C:\Users\manue\AppData\Local\Programs\Python\Python310\Scripts;C:\Users\manue\AppData\Local\Programs\Python\Python310;C:\Program Files\Java\jdk-17;C:\Users\manue\AppData\Local\Microsoft\WindowsApps;C:\Program Files\NVIDIA GPU Computing Toolkit\CUDA\v11.5\bin;C:\Program Files\NVIDIA GPU Computing Toolkit\CUDA\v11.5\lib\x64;C:\Program Files\JetBrains\Rider for Unreal Engine 2021.3.1\bin;C:\Users\manue\AppData\Roaming\nvm;C:\Program Files\nodejs;C
USERNAME=manue
DISPLAY=:0.0
LC_ALL=en_US.UTF-8
OS=Windows_NT
PROCESSOR_IDENTIFIER=AMD64 Family 23 Model 96 Stepping 1, AuthenticAMD



---------------  S Y S T E M  ---------------

OS: Windows 11 , 64 bit Build 22621 (10.0.22621.1105)
OS uptime: 1 days 0:08 hours
Hyper-V role detected

CPU:total 6 (initial active 6) (6 cores per cpu, 1 threads per core) family 23 model 96 stepping 1 microcode 0x0, cmov, cx8, fxsr, mmx, sse, sse2, sse3, ssse3, sse4.1, sse4.2, popcnt, avx, avx2, aes, clmul, mmxext, 3dnowpref, lzcnt, sse4a, tsc, tscinvbit, tscinv, bmi1, bmi2, adx, sha, fma

Memory: 4k page, system-wide physical 7541M (248M free)
TotalPageFile size 31093M (AvailPageFile size 105M)
current process WorkingSet (physical memory assigned to process): 11M, peak: 11M
current process commit charge ("private bytes"): 56M, peak: 174M

vm_info: OpenJDK 64-Bit Server VM (11.0.15+0-b2043.56-8887301) for windows-amd64 JRE (11.0.15+0-b2043.56-8887301), built on Jul 29 2022 23:19:47 by "builduser" with unknown MS VC++:1929

END.
